Build started 18/04/2015 14:29:19.
     1>Project "Z:\ActiveProjects\ChilliJam\Repository\SeriouslySaucyChilliJam\ChilliJam\Projects\Windows\ChilliJam.vcxproj" on node 2 (Build target(s)).
     1>ClCompile:
         C:\Program Files (x86)\Microsoft Visual Studio 12.0\VC\bin\CL.exe /c /ZI /nologo /W3 /WX- /MP /Od /Oy- /D _UNICODE /D UNICODE /D WIN32 /D _DEBUG /D DEBUG /D GLEW_STATIC /D SFML_STATIC /D CS_TARGETPLATFORM_WINDOWS /D CS_ENABLE_DEBUG /D CS_LOGLEVEL_VERBOSE /Gm- /EHsc /RTC1 /MDd /GS /fp:precise /Zc:wchar_t /Zc:forScope /Fo"Z:\ActiveProjects\ChilliJam\Repository\SeriouslySaucyChilliJam\ChilliJam\Projects\Windows\\obj\Win32\Debug\a\b\/..\..\AppSource\/" /Fd"Z:\ActiveProjects\ChilliJam\Repository\SeriouslySaucyChilliJam\ChilliJam\Projects\Windows\\obj\Win32\Debug\a\b\vc120.pdb" /Gd /TP /analyze- /errorReport:prompt ..\..\AppSource\DayPlaying.cpp
         DayPlaying.cpp
     1>z:\activeprojects\chillijam\repository\seriouslysaucychillijam\chillijam\appsource\dayplaying.cpp(68): warning C4305: 'argument' : truncation from 'double' to 'f32'
     1>z:\activeprojects\chillijam\repository\seriouslysaucychillijam\chillijam\appsource\dayplaying.cpp(78): warning C4305: 'argument' : truncation from 'double' to 'f32'
     1>z:\activeprojects\chillijam\repository\seriouslysaucychillijam\chillijam\appsource\dayplaying.cpp(98): warning C4305: 'argument' : truncation from 'double' to 'f32'
     1>z:\activeprojects\chillijam\repository\seriouslysaucychillijam\chillijam\appsource\dayplaying.cpp(110): warning C4305: 'argument' : truncation from 'double' to 'f32'
       Link:
         C:\Program Files (x86)\Microsoft Visual Studio 12.0\VC\bin\link.exe /ERRORREPORT:PROMPT /OUT:"Z:\ActiveProjects\ChilliJam\Repository\SeriouslySaucyChilliJam\ChilliJam\Projects\Windows\\bin\Win32\Debug\ChilliJam.exe" /INCREMENTAL:NO /NOLOGO kernel32.lib user32.lib gdi32.lib winspool.lib comdlg32.lib advapi32.lib shell32.lib ole32.lib oleaut32.lib uuid.lib odbc32.lib odbccp32.lib opengl32.lib winmm.lib XAudio2.lib zlibstat.lib glew32s.lib "sfml-system-s-d.lib" "sfml-window-s-d.lib" ck.lib CSBase.lib ChilliSource.lib /MANIFEST /MANIFESTUAC:"level='asInvoker' uiAccess='false'" /manifest:embed /DEBUG /PDB:"Z:\ActiveProjects\ChilliJam\Repository\SeriouslySaucyChilliJam\ChilliJam\Projects\Windows\\bin\Win32\Debug\ChilliJam.pdb" /SUBSYSTEM:WINDOWS /TLBID:1 /DYNAMICBASE /NXCOMPAT /IMPLIB:"Z:\ActiveProjects\ChilliJam\Repository\SeriouslySaucyChilliJam\ChilliJam\Projects\Windows\\bin\Win32\Debug\ChilliJam.lib" /MACHINE:X86 Z:\ActiveProjects\ChilliJam\Repository\SeriouslySaucyChilliJam\ChilliJam\Projects\Windows\\obj\Win32\Debug\a\b\/..\..\AppSource\/App.obj
         Z:\ActiveProjects\ChilliJam\Repository\SeriouslySaucyChilliJam\ChilliJam\Projects\Windows\\obj\Win32\Debug\a\b\/..\..\AppSource\/DayPlaying.obj
         Z:\ActiveProjects\ChilliJam\Repository\SeriouslySaucyChilliJam\ChilliJam\Projects\Windows\\obj\Win32\Debug\a\b\/..\..\AppSource\/State.obj
         Z:\ActiveProjects\ChilliJam\Repository\SeriouslySaucyChilliJam\ChilliJam\Projects\Windows\\obj\Win32\Debug\a\b\/..\..\AppSource\/State_DayBegin.obj
         Z:\ActiveProjects\ChilliJam\Repository\SeriouslySaucyChilliJam\ChilliJam\Projects\Windows\\obj\Win32\Debug\a\b\/..\..\AppSource\/State_SpecialBegin.obj
     1>App.obj : warning LNK4075: ignoring '/EDITANDCONTINUE' due to '/OPT:LBR' specification
     1>MSVCRTD.lib(cinitexe.obj) : warning LNK4098: defaultlib 'libcmt.lib' conflicts with use of other libs; use /NODEFAULTLIB:library
     1>glew32s.lib(glew.obj) : warning LNK4099: PDB 'vc120.pdb' was not found with 'glew32s.lib(glew.obj)' or at 'Z:\ActiveProjects\ChilliJam\Repository\SeriouslySaucyChilliJam\ChilliJam\Projects\Windows\bin\Win32\Debug\vc120.pdb'; linking object as if no debug info
     1>sfml-system-s-d.lib(Clock.cpp.obj) : warning LNK4099: PDB 'vc120.pdb' was not found with 'sfml-system-s-d.lib(Clock.cpp.obj)' or at 'Z:\ActiveProjects\ChilliJam\Repository\SeriouslySaucyChilliJam\ChilliJam\Projects\Windows\bin\Win32\Debug\vc120.pdb'; linking object as if no debug info
     1>sfml-system-s-d.lib(Err.cpp.obj) : warning LNK4099: PDB 'vc120.pdb' was not found with 'sfml-system-s-d.lib(Err.cpp.obj)' or at 'Z:\ActiveProjects\ChilliJam\Repository\SeriouslySaucyChilliJam\ChilliJam\Projects\Windows\bin\Win32\Debug\vc120.pdb'; linking object as if no debug info
     1>sfml-system-s-d.lib(Lock.cpp.obj) : warning LNK4099: PDB 'vc120.pdb' was not found with 'sfml-system-s-d.lib(Lock.cpp.obj)' or at 'Z:\ActiveProjects\ChilliJam\Repository\SeriouslySaucyChilliJam\ChilliJam\Projects\Windows\bin\Win32\Debug\vc120.pdb'; linking object as if no debug info
     1>sfml-system-s-d.lib(Mutex.cpp.obj) : warning LNK4099: PDB 'vc120.pdb' was not found with 'sfml-system-s-d.lib(Mutex.cpp.obj)' or at 'Z:\ActiveProjects\ChilliJam\Repository\SeriouslySaucyChilliJam\ChilliJam\Projects\Windows\bin\Win32\Debug\vc120.pdb'; linking object as if no debug info
     1>sfml-system-s-d.lib(Sleep.cpp.obj) : warning LNK4099: PDB 'vc120.pdb' was not found with 'sfml-system-s-d.lib(Sleep.cpp.obj)' or at 'Z:\ActiveProjects\ChilliJam\Repository\SeriouslySaucyChilliJam\ChilliJam\Projects\Windows\bin\Win32\Debug\vc120.pdb'; linking object as if no debug info
     1>sfml-system-s-d.lib(String.cpp.obj) : warning LNK4099: PDB 'vc120.pdb' was not found with 'sfml-system-s-d.lib(String.cpp.obj)' or at 'Z:\ActiveProjects\ChilliJam\Repository\SeriouslySaucyChilliJam\ChilliJam\Projects\Windows\bin\Win32\Debug\vc120.pdb'; linking object as if no debug info
     1>sfml-system-s-d.lib(ThreadLocal.cpp.obj) : warning LNK4099: PDB 'vc120.pdb' was not found with 'sfml-system-s-d.lib(ThreadLocal.cpp.obj)' or at 'Z:\ActiveProjects\ChilliJam\Repository\SeriouslySaucyChilliJam\ChilliJam\Projects\Windows\bin\Win32\Debug\vc120.pdb'; linking object as if no debug info
     1>sfml-system-s-d.lib(Time.cpp.obj) : warning LNK4099: PDB 'vc120.pdb' was not found with 'sfml-system-s-d.lib(Time.cpp.obj)' or at 'Z:\ActiveProjects\ChilliJam\Repository\SeriouslySaucyChilliJam\ChilliJam\Projects\Windows\bin\Win32\Debug\vc120.pdb'; linking object as if no debug info
     1>sfml-system-s-d.lib(ClockImpl.cpp.obj) : warning LNK4099: PDB 'vc120.pdb' was not found with 'sfml-system-s-d.lib(ClockImpl.cpp.obj)' or at 'Z:\ActiveProjects\ChilliJam\Repository\SeriouslySaucyChilliJam\ChilliJam\Projects\Windows\bin\Win32\Debug\vc120.pdb'; linking object as if no debug info
     1>sfml-system-s-d.lib(MutexImpl.cpp.obj) : warning LNK4099: PDB 'vc120.pdb' was not found with 'sfml-system-s-d.lib(MutexImpl.cpp.obj)' or at 'Z:\ActiveProjects\ChilliJam\Repository\SeriouslySaucyChilliJam\ChilliJam\Projects\Windows\bin\Win32\Debug\vc120.pdb'; linking object as if no debug info
     1>sfml-system-s-d.lib(SleepImpl.cpp.obj) : warning LNK4099: PDB 'vc120.pdb' was not found with 'sfml-system-s-d.lib(SleepImpl.cpp.obj)' or at 'Z:\ActiveProjects\ChilliJam\Repository\SeriouslySaucyChilliJam\ChilliJam\Projects\Windows\bin\Win32\Debug\vc120.pdb'; linking object as if no debug info
     1>sfml-system-s-d.lib(ThreadLocalImpl.cpp.obj) : warning LNK4099: PDB 'vc120.pdb' was not found with 'sfml-system-s-d.lib(ThreadLocalImpl.cpp.obj)' or at 'Z:\ActiveProjects\ChilliJam\Repository\SeriouslySaucyChilliJam\ChilliJam\Projects\Windows\bin\Win32\Debug\vc120.pdb'; linking object as if no debug info
     1>sfml-window-s-d.lib(GlContext.cpp.obj) : warning LNK4099: PDB 'vc120.pdb' was not found with 'sfml-window-s-d.lib(GlContext.cpp.obj)' or at 'Z:\ActiveProjects\ChilliJam\Repository\SeriouslySaucyChilliJam\ChilliJam\Projects\Windows\bin\Win32\Debug\vc120.pdb'; linking object as if no debug info
     1>sfml-window-s-d.lib(GlResource.cpp.obj) : warning LNK4099: PDB 'vc120.pdb' was not found with 'sfml-window-s-d.lib(GlResource.cpp.obj)' or at 'Z:\ActiveProjects\ChilliJam\Repository\SeriouslySaucyChilliJam\ChilliJam\Projects\Windows\bin\Win32\Debug\vc120.pdb'; linking object as if no debug info
     1>sfml-window-s-d.lib(Joystick.cpp.obj) : warning LNK4099: PDB 'vc120.pdb' was not found with 'sfml-window-s-d.lib(Joystick.cpp.obj)' or at 'Z:\ActiveProjects\ChilliJam\Repository\SeriouslySaucyChilliJam\ChilliJam\Projects\Windows\bin\Win32\Debug\vc120.pdb'; linking object as if no debug info
     1>sfml-window-s-d.lib(JoystickManager.cpp.obj) : warning LNK4099: PDB 'vc120.pdb' was not found with 'sfml-window-s-d.lib(JoystickManager.cpp.obj)' or at 'Z:\ActiveProjects\ChilliJam\Repository\SeriouslySaucyChilliJam\ChilliJam\Projects\Windows\bin\Win32\Debug\vc120.pdb'; linking object as if no debug info
     1>sfml-window-s-d.lib(Mouse.cpp.obj) : warning LNK4099: PDB 'vc120.pdb' was not found with 'sfml-window-s-d.lib(Mouse.cpp.obj)' or at 'Z:\ActiveProjects\ChilliJam\Repository\SeriouslySaucyChilliJam\ChilliJam\Projects\Windows\bin\Win32\Debug\vc120.pdb'; linking object as if no debug info
     1>sfml-window-s-d.lib(SensorManager.cpp.obj) : warning LNK4099: PDB 'vc120.pdb' was not found with 'sfml-window-s-d.lib(SensorManager.cpp.obj)' or at 'Z:\ActiveProjects\ChilliJam\Repository\SeriouslySaucyChilliJam\ChilliJam\Projects\Windows\bin\Win32\Debug\vc120.pdb'; linking object as if no debug info
     1>sfml-window-s-d.lib(VideoMode.cpp.obj) : warning LNK4099: PDB 'vc120.pdb' was not found with 'sfml-window-s-d.lib(VideoMode.cpp.obj)' or at 'Z:\ActiveProjects\ChilliJam\Repository\SeriouslySaucyChilliJam\ChilliJam\Projects\Windows\bin\Win32\Debug\vc120.pdb'; linking object as if no debug info
     1>sfml-window-s-d.lib(Window.cpp.obj) : warning LNK4099: PDB 'vc120.pdb' was not found with 'sfml-window-s-d.lib(Window.cpp.obj)' or at 'Z:\ActiveProjects\ChilliJam\Repository\SeriouslySaucyChilliJam\ChilliJam\Projects\Windows\bin\Win32\Debug\vc120.pdb'; linking object as if no debug info
     1>sfml-window-s-d.lib(WindowImpl.cpp.obj) : warning LNK4099: PDB 'vc120.pdb' was not found with 'sfml-window-s-d.lib(WindowImpl.cpp.obj)' or at 'Z:\ActiveProjects\ChilliJam\Repository\SeriouslySaucyChilliJam\ChilliJam\Projects\Windows\bin\Win32\Debug\vc120.pdb'; linking object as if no debug info
     1>sfml-window-s-d.lib(WglContext.cpp.obj) : warning LNK4099: PDB 'vc120.pdb' was not found with 'sfml-window-s-d.lib(WglContext.cpp.obj)' or at 'Z:\ActiveProjects\ChilliJam\Repository\SeriouslySaucyChilliJam\ChilliJam\Projects\Windows\bin\Win32\Debug\vc120.pdb'; linking object as if no debug info
     1>sfml-window-s-d.lib(InputImpl.cpp.obj) : warning LNK4099: PDB 'vc120.pdb' was not found with 'sfml-window-s-d.lib(InputImpl.cpp.obj)' or at 'Z:\ActiveProjects\ChilliJam\Repository\SeriouslySaucyChilliJam\ChilliJam\Projects\Windows\bin\Win32\Debug\vc120.pdb'; linking object as if no debug info
     1>sfml-window-s-d.lib(JoystickImpl.cpp.obj) : warning LNK4099: PDB 'vc120.pdb' was not found with 'sfml-window-s-d.lib(JoystickImpl.cpp.obj)' or at 'Z:\ActiveProjects\ChilliJam\Repository\SeriouslySaucyChilliJam\ChilliJam\Projects\Windows\bin\Win32\Debug\vc120.pdb'; linking object as if no debug info
     1>sfml-window-s-d.lib(SensorImpl.cpp.obj) : warning LNK4099: PDB 'vc120.pdb' was not found with 'sfml-window-s-d.lib(SensorImpl.cpp.obj)' or at 'Z:\ActiveProjects\ChilliJam\Repository\SeriouslySaucyChilliJam\ChilliJam\Projects\Windows\bin\Win32\Debug\vc120.pdb'; linking object as if no debug info
     1>sfml-window-s-d.lib(VideoModeImpl.cpp.obj) : warning LNK4099: PDB 'vc120.pdb' was not found with 'sfml-window-s-d.lib(VideoModeImpl.cpp.obj)' or at 'Z:\ActiveProjects\ChilliJam\Repository\SeriouslySaucyChilliJam\ChilliJam\Projects\Windows\bin\Win32\Debug\vc120.pdb'; linking object as if no debug info
     1>sfml-window-s-d.lib(WindowImplWin32.cpp.obj) : warning LNK4099: PDB 'vc120.pdb' was not found with 'sfml-window-s-d.lib(WindowImplWin32.cpp.obj)' or at 'Z:\ActiveProjects\ChilliJam\Repository\SeriouslySaucyChilliJam\ChilliJam\Projects\Windows\bin\Win32\Debug\vc120.pdb'; linking object as if no debug info
         ChilliJam.vcxproj -> Z:\ActiveProjects\ChilliJam\Repository\SeriouslySaucyChilliJam\ChilliJam\Projects\Windows\\bin\Win32\Debug\ChilliJam.exe
       CustomBuildStep:
         python Z:\ActiveProjects\ChilliJam\Repository\SeriouslySaucyChilliJam\ChilliJam\Projects\Windows\\..\..\ChilliSource\Tools\Scripts\copy_windows_resources.py Z:\ActiveProjects\ChilliJam\Repository\SeriouslySaucyChilliJam\ChilliJam\Projects\Windows\  Z:\ActiveProjects\ChilliJam\Repository\SeriouslySaucyChilliJam\ChilliJam\Projects\Windows\bin\Win32\Debug\
         :VCEnd
     1>EXEC : cygwin warning : 
           MS-DOS style path detected: Z:\ActiveProjects\ChilliJam\Repository\SeriouslySaucyChilliJam\ChilliJam\Projects\Windows\\..\..\ChilliSource\Tools\Scripts\copy_windows_resources.py
           Preferred POSIX equivalent is: /cygdrive/z/ActiveProjects/ChilliJam/Repository/SeriouslySaucyChilliJam/ChilliJam/ChilliSource/Tools/Scripts/copy_windows_resources.py
           CYGWIN environment variable option "nodosfilewarning" turns off this warning.
           Consult the user's guide for more details about POSIX paths:
             http://cygwin.com/cygwin-ug-net/using.html#using-pathnames
     1>Done Building Project "Z:\ActiveProjects\ChilliJam\Repository\SeriouslySaucyChilliJam\ChilliJam\Projects\Windows\ChilliJam.vcxproj" (Build target(s)).

Build succeeded.

Time Elapsed 00:00:05.74
