Build started 18/04/2015 02:33:06.
     1>Project "Z:\ActiveProjects\ChilliJam\SeriouslySaucyChilliJam\ChilliJam\ChilliSource\Projects\Windows\ChilliSource.vcxproj" on node 2 (Build target(s)).
     1>ClCompile:
         C:\Program Files (x86)\Microsoft Visual Studio 12.0\VC\bin\CL.exe /c /ZI /nologo /W1 /WX- /MP /Od /Oy- /D WIN32 /D _DEBUG /D DEBUG /D GLEW_STATIC /D SFML_STATIC /D CS_TARGETPLATFORM_WINDOWS /D CS_ENABLE_DEBUG /D CS_LOGLEVEL_VERBOSE /D _UNICODE /D UNICODE /Gm- /EHsc /RTC1 /MDd /GS /fp:precise /Zc:wchar_t /Zc:forScope /Fo"Z:\ActiveProjects\ChilliJam\SeriouslySaucyChilliJam\ChilliJam\Projects\Windows\\csobj\Win32\Debug\a\b\/..\..\Source\CSBackend\Platform\Windows\SFML\Base\/" /Fd"Z:\ActiveProjects\ChilliJam\SeriouslySaucyChilliJam\ChilliJam\Projects\Windows\\csobj\Win32\Debug\a\b\vc120.pdb" /Gd /TP /analyze- /errorReport:prompt ..\..\Source\CSBackend\Platform\Windows\SFML\Base\SFMLWindow.cpp
         SFMLWindow.cpp
     1>c:\program files (x86)\microsoft visual studio 12.0\vc\include\xutility(2132): warning C4996: 'std::_Copy_impl': Function call with parameters that may be unsafe - this call relies on the caller to check that the passed values are correct. To disable this warning, use -D_SCL_SECURE_NO_WARNINGS. See documentation on how to use Visual C++ 'Checked Iterators'
                 c:\program files (x86)\microsoft visual studio 12.0\vc\include\xutility(2113) : see declaration of 'std::_Copy_impl'
                 z:\activeprojects\chillijam\seriouslysaucychillijam\chillijam\chillisource\libraries\core\windows\headers\sfml\system\utf.inl(124) : see reference to function template instantiation '_OutIt std::copy<sf::Uint8*,Out>(_InIt,_InIt,_OutIt)' being compiled
                 with
                 [
                     _OutIt=ChilliSource::Core::UTF8Char *
         ,            Out=ChilliSource::Core::UTF8Char *
         ,            _InIt=sf::Uint8 *
                 ]
                 z:\activeprojects\chillijam\seriouslysaucychillijam\chillijam\chillisource\libraries\core\windows\headers\sfml\system\utf.inl(613) : see reference to function template instantiation 'Out sf::Utf<8>::encode<Out>(sf::Uint32,Out,sf::Uint8)' being compiled
                 with
                 [
                     Out=ChilliSource::Core::UTF8Char *
                 ]
                 z:\activeprojects\chillijam\seriouslysaucychillijam\chillijam\chillisource\source\csbackend\platform\windows\sfml\base\sfmlwindow.cpp(483) : see reference to function template instantiation 'Out sf::Utf<32>::toUtf8<sf::Uint32*,ChilliSource::Core::UTF8Char*>(In,In,Out)' being compiled
                 with
                 [
                     Out=ChilliSource::Core::UTF8Char *
         ,            In=sf::Uint32 *
                 ]
       Lib:
         C:\Program Files (x86)\Microsoft Visual Studio 12.0\VC\bin\Lib.exe /OUT:"Z:\ActiveProjects\ChilliJam\SeriouslySaucyChilliJam\ChilliJam\Projects\Windows\\csbin\Win32\Debug\ChilliSource.lib" /NOLOGO Z:\ActiveProjects\ChilliJam\SeriouslySaucyChilliJam\ChilliJam\Projects\Windows\\csobj\Win32\Debug\a\b\/..\..\Source\ChilliSource\Audio\CricketAudio\/CkAudioPlayer.obj
         Z:\ActiveProjects\ChilliJam\SeriouslySaucyChilliJam\ChilliJam\Projects\Windows\\csobj\Win32\Debug\a\b\/..\..\Source\ChilliSource\Audio\CricketAudio\/CkBank.obj
         Z:\ActiveProjects\ChilliJam\SeriouslySaucyChilliJam\ChilliJam\Projects\Windows\\csobj\Win32\Debug\a\b\/..\..\Source\ChilliSource\Audio\CricketAudio\/CkBankProvider.obj
         Z:\ActiveProjects\ChilliJam\SeriouslySaucyChilliJam\ChilliJam\Projects\Windows\\csobj\Win32\Debug\a\b\/..\..\Source\ChilliSource\Audio\CricketAudio\/CkSound.obj
         Z:\ActiveProjects\ChilliJam\SeriouslySaucyChilliJam\ChilliJam\Projects\Windows\\csobj\Win32\Debug\a\b\/..\..\Source\ChilliSource\Audio\CricketAudio\/CricketAudioSystem.obj
         Z:\ActiveProjects\ChilliJam\SeriouslySaucyChilliJam\ChilliJam\Projects\Windows\\csobj\Win32\Debug\a\b\/..\..\Source\ChilliSource\Core\Base\/AppConfig.obj
         Z:\ActiveProjects\ChilliJam\SeriouslySaucyChilliJam\ChilliJam\Projects\Windows\\csobj\Win32\Debug\a\b\/..\..\Source\ChilliSource\Core\Base\/Application.obj
         Z:\ActiveProjects\ChilliJam\SeriouslySaucyChilliJam\ChilliJam\Projects\Windows\\csobj\Win32\Debug\a\b\/..\..\Source\ChilliSource\Core\Base\/ByteColour.obj
         Z:\ActiveProjects\ChilliJam\SeriouslySaucyChilliJam\ChilliJam\Projects\Windows\\csobj\Win32\Debug\a\b\/..\..\Source\ChilliSource\Core\Base\/Colour.obj
         Z:\ActiveProjects\ChilliJam\SeriouslySaucyChilliJam\ChilliJam\Projects\Windows\\csobj\Win32\Debug\a\b\/..\..\Source\ChilliSource\Core\Base\/ColourUtils.obj
         Z:\ActiveProjects\ChilliJam\SeriouslySaucyChilliJam\ChilliJam\Projects\Windows\\csobj\Win32\Debug\a\b\/..\..\Source\ChilliSource\Core\Base\/Device.obj
         Z:\ActiveProjects\ChilliJam\SeriouslySaucyChilliJam\ChilliJam\Projects\Windows\\csobj\Win32\Debug\a\b\/..\..\Source\ChilliSource\Core\Base\/Logging.obj
         Z:\ActiveProjects\ChilliJam\SeriouslySaucyChilliJam\ChilliJam\Projects\Windows\\csobj\Win32\Debug\a\b\/..\..\Source\ChilliSource\Core\Base\/PlatformSystem.obj
         Z:\ActiveProjects\ChilliJam\SeriouslySaucyChilliJam\ChilliJam\Projects\Windows\\csobj\Win32\Debug\a\b\/..\..\Source\ChilliSource\Core\Base\/Screen.obj
         Z:\ActiveProjects\ChilliJam\SeriouslySaucyChilliJam\ChilliJam\Projects\Windows\\csobj\Win32\Debug\a\b\/..\..\Source\ChilliSource\Core\Base\/Utils.obj
         Z:\ActiveProjects\ChilliJam\SeriouslySaucyChilliJam\ChilliJam\Projects\Windows\\csobj\Win32\Debug\a\b\/..\..\Source\ChilliSource\Core\Container\/ParamDictionary.obj
         Z:\ActiveProjects\ChilliJam\SeriouslySaucyChilliJam\ChilliJam\Projects\Windows\\csobj\Win32\Debug\a\b\/..\..\Source\ChilliSource\Core\Container\/ParamDictionarySerialiser.obj
         Z:\ActiveProjects\ChilliJam\SeriouslySaucyChilliJam\ChilliJam\Projects\Windows\\csobj\Win32\Debug\a\b\/..\..\Source\ChilliSource\Core\Container\Property\/PropertyMap.obj
         Z:\ActiveProjects\ChilliJam\SeriouslySaucyChilliJam\ChilliJam\Projects\Windows\\csobj\Win32\Debug\a\b\/..\..\Source\ChilliSource\Core\Container\Property\/PropertyTypes.obj
         Z:\ActiveProjects\ChilliJam\SeriouslySaucyChilliJam\ChilliJam\Projects\Windows\\csobj\Win32\Debug\a\b\/..\..\Source\ChilliSource\Core\Cryptographic\/AESEncrypt.obj
         Z:\ActiveProjects\ChilliJam\SeriouslySaucyChilliJam\ChilliJam\Projects\Windows\\csobj\Win32\Debug\a\b\/..\..\Source\ChilliSource\Core\Cryptographic\/BaseEncoding.obj
         Z:\ActiveProjects\ChilliJam\SeriouslySaucyChilliJam\ChilliJam\Projects\Windows\\csobj\Win32\Debug\a\b\/..\..\Source\ChilliSource\Core\Cryptographic\/HashCRC32.obj
         Z:\ActiveProjects\ChilliJam\SeriouslySaucyChilliJam\ChilliJam\Projects\Windows\\csobj\Win32\Debug\a\b\/..\..\Source\ChilliSource\Core\Cryptographic\/HashMD5.obj
         Z:\ActiveProjects\ChilliJam\SeriouslySaucyChilliJam\ChilliJam\Projects\Windows\\csobj\Win32\Debug\a\b\/..\..\Source\ChilliSource\Core\Cryptographic\/HashSHA1.obj
         Z:\ActiveProjects\ChilliJam\SeriouslySaucyChilliJam\ChilliJam\Projects\Windows\\csobj\Win32\Debug\a\b\/..\..\Source\ChilliSource\Core\Cryptographic\/OAuth.obj
         Z:\ActiveProjects\ChilliJam\SeriouslySaucyChilliJam\ChilliJam\Projects\Windows\\csobj\Win32\Debug\a\b\/..\..\Source\ChilliSource\Core\DialogueBox\/DialogueBoxSystem.obj
         Z:\ActiveProjects\ChilliJam\SeriouslySaucyChilliJam\ChilliJam\Projects\Windows\\csobj\Win32\Debug\a\b\/..\..\Source\ChilliSource\Core\Entity\/Component.obj
         Z:\ActiveProjects\ChilliJam\SeriouslySaucyChilliJam\ChilliJam\Projects\Windows\\csobj\Win32\Debug\a\b\/..\..\Source\ChilliSource\Core\Entity\/Entity.obj
         Z:\ActiveProjects\ChilliJam\SeriouslySaucyChilliJam\ChilliJam\Projects\Windows\\csobj\Win32\Debug\a\b\/..\..\Source\ChilliSource\Core\Entity\/Transform.obj
         Z:\ActiveProjects\ChilliJam\SeriouslySaucyChilliJam\ChilliJam\Projects\Windows\\csobj\Win32\Debug\a\b\/..\..\Source\ChilliSource\Core\Event\/EventConnection.obj
         Z:\ActiveProjects\ChilliJam\SeriouslySaucyChilliJam\ChilliJam\Projects\Windows\\csobj\Win32\Debug\a\b\/..\..\Source\ChilliSource\Core\File\/AppDataStore.obj
         Z:\ActiveProjects\ChilliJam\SeriouslySaucyChilliJam\ChilliJam\Projects\Windows\\csobj\Win32\Debug\a\b\/..\..\Source\ChilliSource\Core\File\/CSBinaryChunk.obj
         Z:\ActiveProjects\ChilliJam\SeriouslySaucyChilliJam\ChilliJam\Projects\Windows\\csobj\Win32\Debug\a\b\/..\..\Source\ChilliSource\Core\File\/CSBinaryInputStream.obj
         Z:\ActiveProjects\ChilliJam\SeriouslySaucyChilliJam\ChilliJam\Projects\Windows\\csobj\Win32\Debug\a\b\/..\..\Source\ChilliSource\Core\File\/FileStream.obj
         Z:\ActiveProjects\ChilliJam\SeriouslySaucyChilliJam\ChilliJam\Projects\Windows\\csobj\Win32\Debug\a\b\/..\..\Source\ChilliSource\Core\File\/FileSystem.obj
         Z:\ActiveProjects\ChilliJam\SeriouslySaucyChilliJam\ChilliJam\Projects\Windows\\csobj\Win32\Debug\a\b\/..\..\Source\ChilliSource\Core\File\/TaggedFilePathResolver.obj
         Z:\ActiveProjects\ChilliJam\SeriouslySaucyChilliJam\ChilliJam\Projects\Windows\\csobj\Win32\Debug\a\b\/..\..\Source\ChilliSource\Core\Image\/CSImageProvider.obj
         Z:\ActiveProjects\ChilliJam\SeriouslySaucyChilliJam\ChilliJam\Projects\Windows\\csobj\Win32\Debug\a\b\/..\..\Source\ChilliSource\Core\Image\/ETC1ImageProvider.obj
         Z:\ActiveProjects\ChilliJam\SeriouslySaucyChilliJam\ChilliJam\Projects\Windows\\csobj\Win32\Debug\a\b\/..\..\Source\ChilliSource\Core\Image\/Image.obj
         Z:\ActiveProjects\ChilliJam\SeriouslySaucyChilliJam\ChilliJam\Projects\Windows\\csobj\Win32\Debug\a\b\/..\..\Source\ChilliSource\Core\Image\/ImageFormatConverter.obj
         Z:\ActiveProjects\ChilliJam\SeriouslySaucyChilliJam\ChilliJam\Projects\Windows\\csobj\Win32\Debug\a\b\/..\..\Source\ChilliSource\Core\Image\/PNGImageProvider.obj
         Z:\ActiveProjects\ChilliJam\SeriouslySaucyChilliJam\ChilliJam\Projects\Windows\\csobj\Win32\Debug\a\b\/..\..\Source\ChilliSource\Core\Image\/PVRImageProvider.obj
         Z:\ActiveProjects\ChilliJam\SeriouslySaucyChilliJam\ChilliJam\Projects\Windows\\csobj\Win32\Debug\a\b\/..\..\Source\ChilliSource\Core\Json\/JsonUtils.obj
         Z:\ActiveProjects\ChilliJam\SeriouslySaucyChilliJam\ChilliJam\Projects\Windows\\csobj\Win32\Debug\a\b\/..\..\Source\ChilliSource\Core\Localisation\/LocalisedText.obj
         Z:\ActiveProjects\ChilliJam\SeriouslySaucyChilliJam\ChilliJam\Projects\Windows\\csobj\Win32\Debug\a\b\/..\..\Source\ChilliSource\Core\Localisation\/LocalisedTextProvider.obj
         Z:\ActiveProjects\ChilliJam\SeriouslySaucyChilliJam\ChilliJam\Projects\Windows\\csobj\Win32\Debug\a\b\/..\..\Source\ChilliSource\Core\Math\Geometry\/ShapeIntersection.obj
         Z:\ActiveProjects\ChilliJam\SeriouslySaucyChilliJam\ChilliJam\Projects\Windows\\csobj\Win32\Debug\a\b\/..\..\Source\ChilliSource\Core\Math\Geometry\/Shapes.obj
         Z:\ActiveProjects\ChilliJam\SeriouslySaucyChilliJam\ChilliJam\Projects\Windows\\csobj\Win32\Debug\a\b\/..\..\Source\ChilliSource\Core\Math\/MathUtils.obj
         Z:\ActiveProjects\ChilliJam\SeriouslySaucyChilliJam\ChilliJam\Projects\Windows\\csobj\Win32\Debug\a\b\/..\..\Source\ChilliSource\Core\Math\/Random.obj
         Z:\ActiveProjects\ChilliJam\SeriouslySaucyChilliJam\ChilliJam\Projects\Windows\\csobj\Win32\Debug\a\b\/..\..\Source\ChilliSource\Core\Math\/UnifiedCoordinates.obj
         Z:\ActiveProjects\ChilliJam\SeriouslySaucyChilliJam\ChilliJam\Projects\Windows\\csobj\Win32\Debug\a\b\/..\..\Source\ChilliSource\Core\Notification\/AppNotificationSystem.obj
         Z:\ActiveProjects\ChilliJam\SeriouslySaucyChilliJam\ChilliJam\Projects\Windows\\csobj\Win32\Debug\a\b\/..\..\Source\ChilliSource\Core\Notification\/LocalNotificationSystem.obj
         Z:\ActiveProjects\ChilliJam\SeriouslySaucyChilliJam\ChilliJam\Projects\Windows\\csobj\Win32\Debug\a\b\/..\..\Source\ChilliSource\Core\Notification\/NotificationManager.obj
         Z:\ActiveProjects\ChilliJam\SeriouslySaucyChilliJam\ChilliJam\Projects\Windows\\csobj\Win32\Debug\a\b\/..\..\Source\ChilliSource\Core\Notification\/RemoteNotificationSystem.obj
         Z:\ActiveProjects\ChilliJam\SeriouslySaucyChilliJam\ChilliJam\Projects\Windows\\csobj\Win32\Debug\a\b\/..\..\Source\ChilliSource\Core\Resource\/Resource.obj
         Z:\ActiveProjects\ChilliJam\SeriouslySaucyChilliJam\ChilliJam\Projects\Windows\\csobj\Win32\Debug\a\b\/..\..\Source\ChilliSource\Core\Resource\/ResourcePool.obj
         Z:\ActiveProjects\ChilliJam\SeriouslySaucyChilliJam\ChilliJam\Projects\Windows\\csobj\Win32\Debug\a\b\/..\..\Source\ChilliSource\Core\Resource\/ResourceProvider.obj
         Z:\ActiveProjects\ChilliJam\SeriouslySaucyChilliJam\ChilliJam\Projects\Windows\\csobj\Win32\Debug\a\b\/..\..\Source\ChilliSource\Core\Scene\/Scene.obj
         Z:\ActiveProjects\ChilliJam\SeriouslySaucyChilliJam\ChilliJam\Projects\Windows\\csobj\Win32\Debug\a\b\/..\..\Source\ChilliSource\Core\State\/State.obj
         Z:\ActiveProjects\ChilliJam\SeriouslySaucyChilliJam\ChilliJam\Projects\Windows\\csobj\Win32\Debug\a\b\/..\..\Source\ChilliSource\Core\State\/StateManager.obj
         Z:\ActiveProjects\ChilliJam\SeriouslySaucyChilliJam\ChilliJam\Projects\Windows\\csobj\Win32\Debug\a\b\/..\..\Source\ChilliSource\Core\String\/StringParser.obj
         Z:\ActiveProjects\ChilliJam\SeriouslySaucyChilliJam\ChilliJam\Projects\Windows\\csobj\Win32\Debug\a\b\/..\..\Source\ChilliSource\Core\String\/StringUtils.obj
         Z:\ActiveProjects\ChilliJam\SeriouslySaucyChilliJam\ChilliJam\Projects\Windows\\csobj\Win32\Debug\a\b\/..\..\Source\ChilliSource\Core\String\/ToString.obj
         Z:\ActiveProjects\ChilliJam\SeriouslySaucyChilliJam\ChilliJam\Projects\Windows\\csobj\Win32\Debug\a\b\/..\..\Source\ChilliSource\Core\String\/UTF8StringUtils.obj
         Z:\ActiveProjects\ChilliJam\SeriouslySaucyChilliJam\ChilliJam\Projects\Windows\\csobj\Win32\Debug\a\b\/..\..\Source\ChilliSource\Core\System\/StateSystem.obj
         Z:\ActiveProjects\ChilliJam\SeriouslySaucyChilliJam\ChilliJam\Projects\Windows\\csobj\Win32\Debug\a\b\/..\..\Source\ChilliSource\Core\Threading\/TaskScheduler.obj
         Z:\ActiveProjects\ChilliJam\SeriouslySaucyChilliJam\ChilliJam\Projects\Windows\\csobj\Win32\Debug\a\b\/..\..\Source\ChilliSource\Core\Threading\/ThreadPool.obj
         Z:\ActiveProjects\ChilliJam\SeriouslySaucyChilliJam\ChilliJam\Projects\Windows\\csobj\Win32\Debug\a\b\/..\..\Source\ChilliSource\Core\Time\/CoreTimer.obj
         Z:\ActiveProjects\ChilliJam\SeriouslySaucyChilliJam\ChilliJam\Projects\Windows\\csobj\Win32\Debug\a\b\/..\..\Source\ChilliSource\Core\Time\/PerformanceTimer.obj
         Z:\ActiveProjects\ChilliJam\SeriouslySaucyChilliJam\ChilliJam\Projects\Windows\\csobj\Win32\Debug\a\b\/..\..\Source\ChilliSource\Core\Time\/Timer.obj
         Z:\ActiveProjects\ChilliJam\SeriouslySaucyChilliJam\ChilliJam\Projects\Windows\\csobj\Win32\Debug\a\b\/..\..\Source\ChilliSource\Core\Volume\/VolumeComponent.obj
         Z:\ActiveProjects\ChilliJam\SeriouslySaucyChilliJam\ChilliJam\Projects\Windows\\csobj\Win32\Debug\a\b\/..\..\Source\ChilliSource\Core\XML\/XML.obj
         Z:\ActiveProjects\ChilliJam\SeriouslySaucyChilliJam\ChilliJam\Projects\Windows\\csobj\Win32\Debug\a\b\/..\..\Source\ChilliSource\Core\XML\/XMLUtils.obj
         Z:\ActiveProjects\ChilliJam\SeriouslySaucyChilliJam\ChilliJam\Projects\Windows\\csobj\Win32\Debug\a\b\/..\..\Source\ChilliSource\Input\Accelerometer\/Accelerometer.obj
         Z:\ActiveProjects\ChilliJam\SeriouslySaucyChilliJam\ChilliJam\Projects\Windows\\csobj\Win32\Debug\a\b\/..\..\Source\ChilliSource\Input\Base\/Filter.obj
         Z:\ActiveProjects\ChilliJam\SeriouslySaucyChilliJam\ChilliJam\Projects\Windows\\csobj\Win32\Debug\a\b\/..\..\Source\ChilliSource\Input\DeviceButtons\/DeviceButtonSystem.obj
         Z:\ActiveProjects\ChilliJam\SeriouslySaucyChilliJam\ChilliJam\Projects\Windows\\csobj\Win32\Debug\a\b\/..\..\Source\ChilliSource\Input\Gesture\/DragGesture.obj
         Z:\ActiveProjects\ChilliJam\SeriouslySaucyChilliJam\ChilliJam\Projects\Windows\\csobj\Win32\Debug\a\b\/..\..\Source\ChilliSource\Input\Gesture\/Gesture.obj
         Z:\ActiveProjects\ChilliJam\SeriouslySaucyChilliJam\ChilliJam\Projects\Windows\\csobj\Win32\Debug\a\b\/..\..\Source\ChilliSource\Input\Gesture\/GestureSystem.obj
         Z:\ActiveProjects\ChilliJam\SeriouslySaucyChilliJam\ChilliJam\Projects\Windows\\csobj\Win32\Debug\a\b\/..\..\Source\ChilliSource\Input\Gesture\/HoldGesture.obj
         Z:\ActiveProjects\ChilliJam\SeriouslySaucyChilliJam\ChilliJam\Projects\Windows\\csobj\Win32\Debug\a\b\/..\..\Source\ChilliSource\Input\Gesture\/PinchGesture.obj
         Z:\ActiveProjects\ChilliJam\SeriouslySaucyChilliJam\ChilliJam\Projects\Windows\\csobj\Win32\Debug\a\b\/..\..\Source\ChilliSource\Input\Gesture\/RotationGesture.obj
         Z:\ActiveProjects\ChilliJam\SeriouslySaucyChilliJam\ChilliJam\Projects\Windows\\csobj\Win32\Debug\a\b\/..\..\Source\ChilliSource\Input\Gesture\/TapGesture.obj
         Z:\ActiveProjects\ChilliJam\SeriouslySaucyChilliJam\ChilliJam\Projects\Windows\\csobj\Win32\Debug\a\b\/..\..\Source\ChilliSource\Input\Keyboard\/Keyboard.obj
         Z:\ActiveProjects\ChilliJam\SeriouslySaucyChilliJam\ChilliJam\Projects\Windows\\csobj\Win32\Debug\a\b\/..\..\Source\ChilliSource\Input\Pointer\/Pointer.obj
         Z:\ActiveProjects\ChilliJam\SeriouslySaucyChilliJam\ChilliJam\Projects\Windows\\csobj\Win32\Debug\a\b\/..\..\Source\ChilliSource\Input\Pointer\/PointerSystem.obj
         Z:\ActiveProjects\ChilliJam\SeriouslySaucyChilliJam\ChilliJam\Projects\Windows\\csobj\Win32\Debug\a\b\/..\..\Source\ChilliSource\Input\TextEntry\/TextEntry.obj
         Z:\ActiveProjects\ChilliJam\SeriouslySaucyChilliJam\ChilliJam\Projects\Windows\\csobj\Win32\Debug\a\b\/..\..\Source\ChilliSource\Networking\ContentDownload\/ContentManagementSystem.obj
         Z:\ActiveProjects\ChilliJam\SeriouslySaucyChilliJam\ChilliJam\Projects\Windows\\csobj\Win32\Debug\a\b\/..\..\Source\ChilliSource\Networking\ContentDownload\/MoContentDownloader.obj
         Z:\ActiveProjects\ChilliJam\SeriouslySaucyChilliJam\ChilliJam\Projects\Windows\\csobj\Win32\Debug\a\b\/..\..\Source\ChilliSource\Networking\Http\/HttpRequestSystem.obj
         Z:\ActiveProjects\ChilliJam\SeriouslySaucyChilliJam\ChilliJam\Projects\Windows\\csobj\Win32\Debug\a\b\/..\..\Source\ChilliSource\Networking\Http\/HttpResponse.obj
         Z:\ActiveProjects\ChilliJam\SeriouslySaucyChilliJam\ChilliJam\Projects\Windows\\csobj\Win32\Debug\a\b\/..\..\Source\ChilliSource\Networking\IAP\/IAPSystem.obj
         Z:\ActiveProjects\ChilliJam\SeriouslySaucyChilliJam\ChilliJam\Projects\Windows\\csobj\Win32\Debug\a\b\/..\..\Source\ChilliSource\Rendering\Base\/AlignmentAnchors.obj
         Z:\ActiveProjects\ChilliJam\SeriouslySaucyChilliJam\ChilliJam\Projects\Windows\\csobj\Win32\Debug\a\b\/..\..\Source\ChilliSource\Rendering\Base\/AspectRatioUtils.obj
         Z:\ActiveProjects\ChilliJam\SeriouslySaucyChilliJam\ChilliJam\Projects\Windows\\csobj\Win32\Debug\a\b\/..\..\Source\ChilliSource\Rendering\Base\/CanvasRenderer.obj
         Z:\ActiveProjects\ChilliJam\SeriouslySaucyChilliJam\ChilliJam\Projects\Windows\\csobj\Win32\Debug\a\b\/..\..\Source\ChilliSource\Rendering\Base\/CullingPredicates.obj
         Z:\ActiveProjects\ChilliJam\SeriouslySaucyChilliJam\ChilliJam\Projects\Windows\\csobj\Win32\Debug\a\b\/..\..\Source\ChilliSource\Rendering\Base\/HorizontalTextJustification.obj
         Z:\ActiveProjects\ChilliJam\SeriouslySaucyChilliJam\ChilliJam\Projects\Windows\\csobj\Win32\Debug\a\b\/..\..\Source\ChilliSource\Rendering\Base\/MeshBatch.obj
         Z:\ActiveProjects\ChilliJam\SeriouslySaucyChilliJam\ChilliJam\Projects\Windows\\csobj\Win32\Debug\a\b\/..\..\Source\ChilliSource\Rendering\Base\/MeshBuffer.obj
         Z:\ActiveProjects\ChilliJam\SeriouslySaucyChilliJam\ChilliJam\Projects\Windows\\csobj\Win32\Debug\a\b\/..\..\Source\ChilliSource\Rendering\Base\/RenderCapabilities.obj
         Z:\ActiveProjects\ChilliJam\SeriouslySaucyChilliJam\ChilliJam\Projects\Windows\\csobj\Win32\Debug\a\b\/..\..\Source\ChilliSource\Rendering\Base\/RenderComponent.obj
         Z:\ActiveProjects\ChilliJam\SeriouslySaucyChilliJam\ChilliJam\Projects\Windows\\csobj\Win32\Debug\a\b\/..\..\Source\ChilliSource\Rendering\Base\/RenderComponentFactory.obj
         Z:\ActiveProjects\ChilliJam\SeriouslySaucyChilliJam\ChilliJam\Projects\Windows\\csobj\Win32\Debug\a\b\/..\..\Source\ChilliSource\Rendering\Base\/Renderer.obj
         Z:\ActiveProjects\ChilliJam\SeriouslySaucyChilliJam\ChilliJam\Projects\Windows\\csobj\Win32\Debug\a\b\/..\..\Source\ChilliSource\Rendering\Base\/RendererSortPredicates.obj
         Z:\ActiveProjects\ChilliJam\SeriouslySaucyChilliJam\ChilliJam\Projects\Windows\\csobj\Win32\Debug\a\b\/..\..\Source\ChilliSource\Rendering\Base\/RenderSystem.obj
         Z:\ActiveProjects\ChilliJam\SeriouslySaucyChilliJam\ChilliJam\Projects\Windows\\csobj\Win32\Debug\a\b\/..\..\Source\ChilliSource\Rendering\Base\/VertexDeclaration.obj
         Z:\ActiveProjects\ChilliJam\SeriouslySaucyChilliJam\ChilliJam\Projects\Windows\\csobj\Win32\Debug\a\b\/..\..\Source\ChilliSource\Rendering\Base\/VerticalTextJustification.obj
         Z:\ActiveProjects\ChilliJam\SeriouslySaucyChilliJam\ChilliJam\Projects\Windows\\csobj\Win32\Debug\a\b\/..\..\Source\ChilliSource\Rendering\Camera\/CameraComponent.obj
         Z:\ActiveProjects\ChilliJam\SeriouslySaucyChilliJam\ChilliJam\Projects\Windows\\csobj\Win32\Debug\a\b\/..\..\Source\ChilliSource\Rendering\Camera\/OrthographicCameraComponent.obj
         Z:\ActiveProjects\ChilliJam\SeriouslySaucyChilliJam\ChilliJam\Projects\Windows\\csobj\Win32\Debug\a\b\/..\..\Source\ChilliSource\Rendering\Camera\/PerspectiveCameraComponent.obj
         Z:\ActiveProjects\ChilliJam\SeriouslySaucyChilliJam\ChilliJam\Projects\Windows\\csobj\Win32\Debug\a\b\/..\..\Source\ChilliSource\Rendering\Font\/Font.obj
         Z:\ActiveProjects\ChilliJam\SeriouslySaucyChilliJam\ChilliJam\Projects\Windows\\csobj\Win32\Debug\a\b\/..\..\Source\ChilliSource\Rendering\Font\/FontProvider.obj
         Z:\ActiveProjects\ChilliJam\SeriouslySaucyChilliJam\ChilliJam\Projects\Windows\\csobj\Win32\Debug\a\b\/..\..\Source\ChilliSource\Rendering\Lighting\/AmbientLightComponent.obj
         Z:\ActiveProjects\ChilliJam\SeriouslySaucyChilliJam\ChilliJam\Projects\Windows\\csobj\Win32\Debug\a\b\/..\..\Source\ChilliSource\Rendering\Lighting\/DirectionalLightComponent.obj
         Z:\ActiveProjects\ChilliJam\SeriouslySaucyChilliJam\ChilliJam\Projects\Windows\\csobj\Win32\Debug\a\b\/..\..\Source\ChilliSource\Rendering\Lighting\/LightComponent.obj
         Z:\ActiveProjects\ChilliJam\SeriouslySaucyChilliJam\ChilliJam\Projects\Windows\\csobj\Win32\Debug\a\b\/..\..\Source\ChilliSource\Rendering\Lighting\/PointLightComponent.obj
         Z:\ActiveProjects\ChilliJam\SeriouslySaucyChilliJam\ChilliJam\Projects\Windows\\csobj\Win32\Debug\a\b\/..\..\Source\ChilliSource\Rendering\Material\/Material.obj
         Z:\ActiveProjects\ChilliJam\SeriouslySaucyChilliJam\ChilliJam\Projects\Windows\\csobj\Win32\Debug\a\b\/..\..\Source\ChilliSource\Rendering\Material\/MaterialFactory.obj
         Z:\ActiveProjects\ChilliJam\SeriouslySaucyChilliJam\ChilliJam\Projects\Windows\\csobj\Win32\Debug\a\b\/..\..\Source\ChilliSource\Rendering\Material\/MaterialProvider.obj
         Z:\ActiveProjects\ChilliJam\SeriouslySaucyChilliJam\ChilliJam\Projects\Windows\\csobj\Win32\Debug\a\b\/..\..\Source\ChilliSource\Rendering\Model\/AnimatedMeshComponent.obj
         Z:\ActiveProjects\ChilliJam\SeriouslySaucyChilliJam\ChilliJam\Projects\Windows\\csobj\Win32\Debug\a\b\/..\..\Source\ChilliSource\Rendering\Model\/CSAnimProvider.obj
         Z:\ActiveProjects\ChilliJam\SeriouslySaucyChilliJam\ChilliJam\Projects\Windows\\csobj\Win32\Debug\a\b\/..\..\Source\ChilliSource\Rendering\Model\/CSModelProvider.obj
         Z:\ActiveProjects\ChilliJam\SeriouslySaucyChilliJam\ChilliJam\Projects\Windows\\csobj\Win32\Debug\a\b\/..\..\Source\ChilliSource\Rendering\Model\/Mesh.obj
         Z:\ActiveProjects\ChilliJam\SeriouslySaucyChilliJam\ChilliJam\Projects\Windows\\csobj\Win32\Debug\a\b\/..\..\Source\ChilliSource\Rendering\Model\/MeshDescriptor.obj
         Z:\ActiveProjects\ChilliJam\SeriouslySaucyChilliJam\ChilliJam\Projects\Windows\\csobj\Win32\Debug\a\b\/..\..\Source\ChilliSource\Rendering\Model\/Skeleton.obj
         Z:\ActiveProjects\ChilliJam\SeriouslySaucyChilliJam\ChilliJam\Projects\Windows\\csobj\Win32\Debug\a\b\/..\..\Source\ChilliSource\Rendering\Model\/SkinnedAnimation.obj
         Z:\ActiveProjects\ChilliJam\SeriouslySaucyChilliJam\ChilliJam\Projects\Windows\\csobj\Win32\Debug\a\b\/..\..\Source\ChilliSource\Rendering\Model\/SkinnedAnimationGroup.obj
         Z:\ActiveProjects\ChilliJam\SeriouslySaucyChilliJam\ChilliJam\Projects\Windows\\csobj\Win32\Debug\a\b\/..\..\Source\ChilliSource\Rendering\Model\/StaticMeshComponent.obj
         Z:\ActiveProjects\ChilliJam\SeriouslySaucyChilliJam\ChilliJam\Projects\Windows\\csobj\Win32\Debug\a\b\/..\..\Source\ChilliSource\Rendering\Model\/SubMesh.obj
         Z:\ActiveProjects\ChilliJam\SeriouslySaucyChilliJam\ChilliJam\Projects\Windows\\csobj\Win32\Debug\a\b\/..\..\Source\ChilliSource\Rendering\Particle\Affector\/AccelerationParticleAffector.obj
         Z:\ActiveProjects\ChilliJam\SeriouslySaucyChilliJam\ChilliJam\Projects\Windows\\csobj\Win32\Debug\a\b\/..\..\Source\ChilliSource\Rendering\Particle\Affector\/AccelerationParticleAffectorDef.obj
         Z:\ActiveProjects\ChilliJam\SeriouslySaucyChilliJam\ChilliJam\Projects\Windows\\csobj\Win32\Debug\a\b\/..\..\Source\ChilliSource\Rendering\Particle\Affector\/AngularAccelerationParticleAffector.obj
         Z:\ActiveProjects\ChilliJam\SeriouslySaucyChilliJam\ChilliJam\Projects\Windows\\csobj\Win32\Debug\a\b\/..\..\Source\ChilliSource\Rendering\Particle\Affector\/AngularAccelerationParticleAffectorDef.obj
         Z:\ActiveProjects\ChilliJam\SeriouslySaucyChilliJam\ChilliJam\Projects\Windows\\csobj\Win32\Debug\a\b\/..\..\Source\ChilliSource\Rendering\Particle\Affector\/ColourOverLifetimeParticleAffector.obj
         Z:\ActiveProjects\ChilliJam\SeriouslySaucyChilliJam\ChilliJam\Projects\Windows\\csobj\Win32\Debug\a\b\/..\..\Source\ChilliSource\Rendering\Particle\Affector\/ColourOverLifetimeParticleAffectorDef.obj
         Z:\ActiveProjects\ChilliJam\SeriouslySaucyChilliJam\ChilliJam\Projects\Windows\\csobj\Win32\Debug\a\b\/..\..\Source\ChilliSource\Rendering\Particle\Affector\/ParticleAffector.obj
         Z:\ActiveProjects\ChilliJam\SeriouslySaucyChilliJam\ChilliJam\Projects\Windows\\csobj\Win32\Debug\a\b\/..\..\Source\ChilliSource\Rendering\Particle\Affector\/ParticleAffectorDef.obj
         Z:\ActiveProjects\ChilliJam\SeriouslySaucyChilliJam\ChilliJam\Projects\Windows\\csobj\Win32\Debug\a\b\/..\..\Source\ChilliSource\Rendering\Particle\Affector\/ParticleAffectorDefFactory.obj
         Z:\ActiveProjects\ChilliJam\SeriouslySaucyChilliJam\ChilliJam\Projects\Windows\\csobj\Win32\Debug\a\b\/..\..\Source\ChilliSource\Rendering\Particle\Affector\/ScaleOverLifetimeParticleAffector.obj
         Z:\ActiveProjects\ChilliJam\SeriouslySaucyChilliJam\ChilliJam\Projects\Windows\\csobj\Win32\Debug\a\b\/..\..\Source\ChilliSource\Rendering\Particle\Affector\/ScaleOverLifetimeParticleAffectorDef.obj
         Z:\ActiveProjects\ChilliJam\SeriouslySaucyChilliJam\ChilliJam\Projects\Windows\\csobj\Win32\Debug\a\b\/..\..\Source\ChilliSource\Rendering\Particle\/ConcurrentParticleData.obj
         Z:\ActiveProjects\ChilliJam\SeriouslySaucyChilliJam\ChilliJam\Projects\Windows\\csobj\Win32\Debug\a\b\/..\..\Source\ChilliSource\Rendering\Particle\/CSParticleProvider.obj
         Z:\ActiveProjects\ChilliJam\SeriouslySaucyChilliJam\ChilliJam\Projects\Windows\\csobj\Win32\Debug\a\b\/..\..\Source\ChilliSource\Rendering\Particle\/ParticleEffect.obj
         Z:\ActiveProjects\ChilliJam\SeriouslySaucyChilliJam\ChilliJam\Projects\Windows\\csobj\Win32\Debug\a\b\/..\..\Source\ChilliSource\Rendering\Particle\/ParticleEffectComponent.obj
         Z:\ActiveProjects\ChilliJam\SeriouslySaucyChilliJam\ChilliJam\Projects\Windows\\csobj\Win32\Debug\a\b\/..\..\Source\ChilliSource\Rendering\Particle\Drawable\/ParticleDrawable.obj
         Z:\ActiveProjects\ChilliJam\SeriouslySaucyChilliJam\ChilliJam\Projects\Windows\\csobj\Win32\Debug\a\b\/..\..\Source\ChilliSource\Rendering\Particle\Drawable\/ParticleDrawableDef.obj
         Z:\ActiveProjects\ChilliJam\SeriouslySaucyChilliJam\ChilliJam\Projects\Windows\\csobj\Win32\Debug\a\b\/..\..\Source\ChilliSource\Rendering\Particle\Drawable\/ParticleDrawableDefFactory.obj
         Z:\ActiveProjects\ChilliJam\SeriouslySaucyChilliJam\ChilliJam\Projects\Windows\\csobj\Win32\Debug\a\b\/..\..\Source\ChilliSource\Rendering\Particle\Drawable\/StaticBillboardParticleDrawable.obj
         Z:\ActiveProjects\ChilliJam\SeriouslySaucyChilliJam\ChilliJam\Projects\Windows\\csobj\Win32\Debug\a\b\/..\..\Source\ChilliSource\Rendering\Particle\Drawable\/StaticBillboardParticleDrawableDef.obj
         Z:\ActiveProjects\ChilliJam\SeriouslySaucyChilliJam\ChilliJam\Projects\Windows\\csobj\Win32\Debug\a\b\/..\..\Source\ChilliSource\Rendering\Particle\Emitter\/CircleParticleEmitter.obj
         Z:\ActiveProjects\ChilliJam\SeriouslySaucyChilliJam\ChilliJam\Projects\Windows\\csobj\Win32\Debug\a\b\/..\..\Source\ChilliSource\Rendering\Particle\Emitter\/CircleParticleEmitterDef.obj
         Z:\ActiveProjects\ChilliJam\SeriouslySaucyChilliJam\ChilliJam\Projects\Windows\\csobj\Win32\Debug\a\b\/..\..\Source\ChilliSource\Rendering\Particle\Emitter\/Cone2DParticleEmitter.obj
         Z:\ActiveProjects\ChilliJam\SeriouslySaucyChilliJam\ChilliJam\Projects\Windows\\csobj\Win32\Debug\a\b\/..\..\Source\ChilliSource\Rendering\Particle\Emitter\/Cone2DParticleEmitterDef.obj
         Z:\ActiveProjects\ChilliJam\SeriouslySaucyChilliJam\ChilliJam\Projects\Windows\\csobj\Win32\Debug\a\b\/..\..\Source\ChilliSource\Rendering\Particle\Emitter\/ConeParticleEmitter.obj
         Z:\ActiveProjects\ChilliJam\SeriouslySaucyChilliJam\ChilliJam\Projects\Windows\\csobj\Win32\Debug\a\b\/..\..\Source\ChilliSource\Rendering\Particle\Emitter\/ConeParticleEmitterDef.obj
         Z:\ActiveProjects\ChilliJam\SeriouslySaucyChilliJam\ChilliJam\Projects\Windows\\csobj\Win32\Debug\a\b\/..\..\Source\ChilliSource\Rendering\Particle\Emitter\/ParticleEmitter.obj
         Z:\ActiveProjects\ChilliJam\SeriouslySaucyChilliJam\ChilliJam\Projects\Windows\\csobj\Win32\Debug\a\b\/..\..\Source\ChilliSource\Rendering\Particle\Emitter\/ParticleEmitterDef.obj
         Z:\ActiveProjects\ChilliJam\SeriouslySaucyChilliJam\ChilliJam\Projects\Windows\\csobj\Win32\Debug\a\b\/..\..\Source\ChilliSource\Rendering\Particle\Emitter\/ParticleEmitterDefFactory.obj
         Z:\ActiveProjects\ChilliJam\SeriouslySaucyChilliJam\ChilliJam\Projects\Windows\\csobj\Win32\Debug\a\b\/..\..\Source\ChilliSource\Rendering\Particle\Emitter\/PointParticleEmitter.obj
         Z:\ActiveProjects\ChilliJam\SeriouslySaucyChilliJam\ChilliJam\Projects\Windows\\csobj\Win32\Debug\a\b\/..\..\Source\ChilliSource\Rendering\Particle\Emitter\/PointParticleEmitterDef.obj
         Z:\ActiveProjects\ChilliJam\SeriouslySaucyChilliJam\ChilliJam\Projects\Windows\\csobj\Win32\Debug\a\b\/..\..\Source\ChilliSource\Rendering\Particle\Emitter\/SphereParticleEmitter.obj
         Z:\ActiveProjects\ChilliJam\SeriouslySaucyChilliJam\ChilliJam\Projects\Windows\\csobj\Win32\Debug\a\b\/..\..\Source\ChilliSource\Rendering\Particle\Emitter\/SphereParticleEmitterDef.obj
         Z:\ActiveProjects\ChilliJam\SeriouslySaucyChilliJam\ChilliJam\Projects\Windows\\csobj\Win32\Debug\a\b\/..\..\Source\ChilliSource\Rendering\Particle\Property\/ParticlePropertyCurveFunctions.obj
         Z:\ActiveProjects\ChilliJam\SeriouslySaucyChilliJam\ChilliJam\Projects\Windows\\csobj\Win32\Debug\a\b\/..\..\Source\ChilliSource\Rendering\Particle\Property\/ParticlePropertyFactoryImpl.obj
         Z:\ActiveProjects\ChilliJam\SeriouslySaucyChilliJam\ChilliJam\Projects\Windows\\csobj\Win32\Debug\a\b\/..\..\Source\ChilliSource\Rendering\Shader\/Shader.obj
         Z:\ActiveProjects\ChilliJam\SeriouslySaucyChilliJam\ChilliJam\Projects\Windows\\csobj\Win32\Debug\a\b\/..\..\Source\ChilliSource\Rendering\Sprite\/DynamicSpriteBatcher.obj
         Z:\ActiveProjects\ChilliJam\SeriouslySaucyChilliJam\ChilliJam\Projects\Windows\\csobj\Win32\Debug\a\b\/..\..\Source\ChilliSource\Rendering\Sprite\/SpriteBatch.obj
         Z:\ActiveProjects\ChilliJam\SeriouslySaucyChilliJam\ChilliJam\Projects\Windows\\csobj\Win32\Debug\a\b\/..\..\Source\ChilliSource\Rendering\Sprite\/SpriteComponent.obj
         Z:\ActiveProjects\ChilliJam\SeriouslySaucyChilliJam\ChilliJam\Projects\Windows\\csobj\Win32\Debug\a\b\/..\..\Source\ChilliSource\Rendering\Texture\/Cubemap.obj
         Z:\ActiveProjects\ChilliJam\SeriouslySaucyChilliJam\ChilliJam\Projects\Windows\\csobj\Win32\Debug\a\b\/..\..\Source\ChilliSource\Rendering\Texture\/CubemapProvider.obj
         Z:\ActiveProjects\ChilliJam\SeriouslySaucyChilliJam\ChilliJam\Projects\Windows\\csobj\Win32\Debug\a\b\/..\..\Source\ChilliSource\Rendering\Texture\/CubemapResourceOptions.obj
         Z:\ActiveProjects\ChilliJam\SeriouslySaucyChilliJam\ChilliJam\Projects\Windows\\csobj\Win32\Debug\a\b\/..\..\Source\ChilliSource\Rendering\Texture\/Texture.obj
         Z:\ActiveProjects\ChilliJam\SeriouslySaucyChilliJam\ChilliJam\Projects\Windows\\csobj\Win32\Debug\a\b\/..\..\Source\ChilliSource\Rendering\Texture\/TextureAtlas.obj
         Z:\ActiveProjects\ChilliJam\SeriouslySaucyChilliJam\ChilliJam\Projects\Windows\\csobj\Win32\Debug\a\b\/..\..\Source\ChilliSource\Rendering\Texture\/TextureAtlasProvider.obj
         Z:\ActiveProjects\ChilliJam\SeriouslySaucyChilliJam\ChilliJam\Projects\Windows\\csobj\Win32\Debug\a\b\/..\..\Source\ChilliSource\Rendering\Texture\/TextureProvider.obj
         Z:\ActiveProjects\ChilliJam\SeriouslySaucyChilliJam\ChilliJam\Projects\Windows\\csobj\Win32\Debug\a\b\/..\..\Source\ChilliSource\Rendering\Texture\/TextureResourceOptions.obj
         Z:\ActiveProjects\ChilliJam\SeriouslySaucyChilliJam\ChilliJam\Projects\Windows\\csobj\Win32\Debug\a\b\/..\..\Source\ChilliSource\Rendering\Texture\/UVs.obj
         Z:\ActiveProjects\ChilliJam\SeriouslySaucyChilliJam\ChilliJam\Projects\Windows\\csobj\Win32\Debug\a\b\/..\..\Source\ChilliSource\Social\Communications\/EmailComposer.obj
         Z:\ActiveProjects\ChilliJam\SeriouslySaucyChilliJam\ChilliJam\Projects\Windows\\csobj\Win32\Debug\a\b\/..\..\Source\ChilliSource\Social\Facebook\/FacebookAuthenticationSystem.obj
         Z:\ActiveProjects\ChilliJam\SeriouslySaucyChilliJam\ChilliJam\Projects\Windows\\csobj\Win32\Debug\a\b\/..\..\Source\ChilliSource\Social\Facebook\/FacebookPostSystem.obj
         Z:\ActiveProjects\ChilliJam\SeriouslySaucyChilliJam\ChilliJam\Projects\Windows\\csobj\Win32\Debug\a\b\/..\..\Source\ChilliSource\UI\Base\/Canvas.obj
         Z:\ActiveProjects\ChilliJam\SeriouslySaucyChilliJam\ChilliJam\Projects\Windows\\csobj\Win32\Debug\a\b\/..\..\Source\ChilliSource\UI\Base\/Component.obj
         Z:\ActiveProjects\ChilliJam\SeriouslySaucyChilliJam\ChilliJam\Projects\Windows\\csobj\Win32\Debug\a\b\/..\..\Source\ChilliSource\UI\Base\/ComponentDesc.obj
         Z:\ActiveProjects\ChilliJam\SeriouslySaucyChilliJam\ChilliJam\Projects\Windows\\csobj\Win32\Debug\a\b\/..\..\Source\ChilliSource\UI\Base\/ComponentFactory.obj
         Z:\ActiveProjects\ChilliJam\SeriouslySaucyChilliJam\ChilliJam\Projects\Windows\\csobj\Win32\Debug\a\b\/..\..\Source\ChilliSource\UI\Base\/PropertyLink.obj
         Z:\ActiveProjects\ChilliJam\SeriouslySaucyChilliJam\ChilliJam\Projects\Windows\\csobj\Win32\Debug\a\b\/..\..\Source\ChilliSource\UI\Base\/PropertyTypes.obj
         Z:\ActiveProjects\ChilliJam\SeriouslySaucyChilliJam\ChilliJam\Projects\Windows\\csobj\Win32\Debug\a\b\/..\..\Source\ChilliSource\UI\Base\/SizePolicy.obj
         Z:\ActiveProjects\ChilliJam\SeriouslySaucyChilliJam\ChilliJam\Projects\Windows\\csobj\Win32\Debug\a\b\/..\..\Source\ChilliSource\UI\Base\/Widget.obj
         Z:\ActiveProjects\ChilliJam\SeriouslySaucyChilliJam\ChilliJam\Projects\Windows\\csobj\Win32\Debug\a\b\/..\..\Source\ChilliSource\UI\Base\/WidgetDef.obj
         Z:\ActiveProjects\ChilliJam\SeriouslySaucyChilliJam\ChilliJam\Projects\Windows\\csobj\Win32\Debug\a\b\/..\..\Source\ChilliSource\UI\Base\/WidgetDefProvider.obj
         Z:\ActiveProjects\ChilliJam\SeriouslySaucyChilliJam\ChilliJam\Projects\Windows\\csobj\Win32\Debug\a\b\/..\..\Source\ChilliSource\UI\Base\/WidgetDesc.obj
         Z:\ActiveProjects\ChilliJam\SeriouslySaucyChilliJam\ChilliJam\Projects\Windows\\csobj\Win32\Debug\a\b\/..\..\Source\ChilliSource\UI\Base\/WidgetFactory.obj
         Z:\ActiveProjects\ChilliJam\SeriouslySaucyChilliJam\ChilliJam\Projects\Windows\\csobj\Win32\Debug\a\b\/..\..\Source\ChilliSource\UI\Base\/WidgetParserUtils.obj
         Z:\ActiveProjects\ChilliJam\SeriouslySaucyChilliJam\ChilliJam\Projects\Windows\\csobj\Win32\Debug\a\b\/..\..\Source\ChilliSource\UI\Base\/WidgetTemplate.obj
         Z:\ActiveProjects\ChilliJam\SeriouslySaucyChilliJam\ChilliJam\Projects\Windows\\csobj\Win32\Debug\a\b\/..\..\Source\ChilliSource\UI\Base\/WidgetTemplateProvider.obj
         Z:\ActiveProjects\ChilliJam\SeriouslySaucyChilliJam\ChilliJam\Projects\Windows\\csobj\Win32\Debug\a\b\/..\..\Source\ChilliSource\UI\Button\/HighlightComponent.obj
         Z:\ActiveProjects\ChilliJam\SeriouslySaucyChilliJam\ChilliJam\Projects\Windows\\csobj\Win32\Debug\a\b\/..\..\Source\ChilliSource\UI\Button\/ToggleHighlightComponent.obj
         Z:\ActiveProjects\ChilliJam\SeriouslySaucyChilliJam\ChilliJam\Projects\Windows\\csobj\Win32\Debug\a\b\/..\..\Source\ChilliSource\UI\Drawable\/Drawable.obj
         Z:\ActiveProjects\ChilliJam\SeriouslySaucyChilliJam\ChilliJam\Projects\Windows\\csobj\Win32\Debug\a\b\/..\..\Source\ChilliSource\UI\Drawable\/DrawableComponent.obj
         Z:\ActiveProjects\ChilliJam\SeriouslySaucyChilliJam\ChilliJam\Projects\Windows\\csobj\Win32\Debug\a\b\/..\..\Source\ChilliSource\UI\Drawable\/DrawableDef.obj
         Z:\ActiveProjects\ChilliJam\SeriouslySaucyChilliJam\ChilliJam\Projects\Windows\\csobj\Win32\Debug\a\b\/..\..\Source\ChilliSource\UI\Drawable\/DrawableUtils.obj
         Z:\ActiveProjects\ChilliJam\SeriouslySaucyChilliJam\ChilliJam\Projects\Windows\\csobj\Win32\Debug\a\b\/..\..\Source\ChilliSource\UI\Drawable\/NinePatchDrawable.obj
         Z:\ActiveProjects\ChilliJam\SeriouslySaucyChilliJam\ChilliJam\Projects\Windows\\csobj\Win32\Debug\a\b\/..\..\Source\ChilliSource\UI\Drawable\/NinePatchDrawableDef.obj
         Z:\ActiveProjects\ChilliJam\SeriouslySaucyChilliJam\ChilliJam\Projects\Windows\\csobj\Win32\Debug\a\b\/..\..\Source\ChilliSource\UI\Drawable\/StandardDrawable.obj
         Z:\ActiveProjects\ChilliJam\SeriouslySaucyChilliJam\ChilliJam\Projects\Windows\\csobj\Win32\Debug\a\b\/..\..\Source\ChilliSource\UI\Drawable\/StandardDrawableDef.obj
         Z:\ActiveProjects\ChilliJam\SeriouslySaucyChilliJam\ChilliJam\Projects\Windows\\csobj\Win32\Debug\a\b\/..\..\Source\ChilliSource\UI\Drawable\/ThreePatchDrawable.obj
         Z:\ActiveProjects\ChilliJam\SeriouslySaucyChilliJam\ChilliJam\Projects\Windows\\csobj\Win32\Debug\a\b\/..\..\Source\ChilliSource\UI\Drawable\/ThreePatchDrawableDef.obj
         Z:\ActiveProjects\ChilliJam\SeriouslySaucyChilliJam\ChilliJam\Projects\Windows\\csobj\Win32\Debug\a\b\/..\..\Source\ChilliSource\UI\Layout\/GridLayout.obj
         Z:\ActiveProjects\ChilliJam\SeriouslySaucyChilliJam\ChilliJam\Projects\Windows\\csobj\Win32\Debug\a\b\/..\..\Source\ChilliSource\UI\Layout\/GridLayoutDef.obj
         Z:\ActiveProjects\ChilliJam\SeriouslySaucyChilliJam\ChilliJam\Projects\Windows\\csobj\Win32\Debug\a\b\/..\..\Source\ChilliSource\UI\Layout\/HListLayout.obj
         Z:\ActiveProjects\ChilliJam\SeriouslySaucyChilliJam\ChilliJam\Projects\Windows\\csobj\Win32\Debug\a\b\/..\..\Source\ChilliSource\UI\Layout\/HListLayoutDef.obj
         Z:\ActiveProjects\ChilliJam\SeriouslySaucyChilliJam\ChilliJam\Projects\Windows\\csobj\Win32\Debug\a\b\/..\..\Source\ChilliSource\UI\Layout\/Layout.obj
         Z:\ActiveProjects\ChilliJam\SeriouslySaucyChilliJam\ChilliJam\Projects\Windows\\csobj\Win32\Debug\a\b\/..\..\Source\ChilliSource\UI\Layout\/LayoutComponent.obj
         Z:\ActiveProjects\ChilliJam\SeriouslySaucyChilliJam\ChilliJam\Projects\Windows\\csobj\Win32\Debug\a\b\/..\..\Source\ChilliSource\UI\Layout\/LayoutDef.obj
         Z:\ActiveProjects\ChilliJam\SeriouslySaucyChilliJam\ChilliJam\Projects\Windows\\csobj\Win32\Debug\a\b\/..\..\Source\ChilliSource\UI\Layout\/VListLayout.obj
         Z:\ActiveProjects\ChilliJam\SeriouslySaucyChilliJam\ChilliJam\Projects\Windows\\csobj\Win32\Debug\a\b\/..\..\Source\ChilliSource\UI\Layout\/VListLayoutDef.obj
         Z:\ActiveProjects\ChilliJam\SeriouslySaucyChilliJam\ChilliJam\Projects\Windows\\csobj\Win32\Debug\a\b\/..\..\Source\ChilliSource\UI\ProgressBar\/ProgressBarComponent.obj
         Z:\ActiveProjects\ChilliJam\SeriouslySaucyChilliJam\ChilliJam\Projects\Windows\\csobj\Win32\Debug\a\b\/..\..\Source\ChilliSource\UI\ProgressBar\/ProgressBarDirection.obj
         Z:\ActiveProjects\ChilliJam\SeriouslySaucyChilliJam\ChilliJam\Projects\Windows\\csobj\Win32\Debug\a\b\/..\..\Source\ChilliSource\UI\ProgressBar\/ProgressBarType.obj
         Z:\ActiveProjects\ChilliJam\SeriouslySaucyChilliJam\ChilliJam\Projects\Windows\\csobj\Win32\Debug\a\b\/..\..\Source\ChilliSource\UI\Slider\/SliderComponent.obj
         Z:\ActiveProjects\ChilliJam\SeriouslySaucyChilliJam\ChilliJam\Projects\Windows\\csobj\Win32\Debug\a\b\/..\..\Source\ChilliSource\UI\Slider\/SliderDirection.obj
         Z:\ActiveProjects\ChilliJam\SeriouslySaucyChilliJam\ChilliJam\Projects\Windows\\csobj\Win32\Debug\a\b\/..\..\Source\ChilliSource\UI\Text\/TextComponent.obj
         Z:\ActiveProjects\ChilliJam\SeriouslySaucyChilliJam\ChilliJam\Projects\Windows\\csobj\Win32\Debug\a\b\/..\..\Source\ChilliSource\UI\Text\/TextIcon.obj
         Z:\ActiveProjects\ChilliJam\SeriouslySaucyChilliJam\ChilliJam\Projects\Windows\\csobj\Win32\Debug\a\b\/..\..\Source\ChilliSource\Video\Base\/CSSubtitlesProvider.obj
         Z:\ActiveProjects\ChilliJam\SeriouslySaucyChilliJam\ChilliJam\Projects\Windows\\csobj\Win32\Debug\a\b\/..\..\Source\ChilliSource\Video\Base\/Subtitles.obj
         Z:\ActiveProjects\ChilliJam\SeriouslySaucyChilliJam\ChilliJam\Projects\Windows\\csobj\Win32\Debug\a\b\/..\..\Source\ChilliSource\Video\Base\/VideoPlayer.obj
         Z:\ActiveProjects\ChilliJam\SeriouslySaucyChilliJam\ChilliJam\Projects\Windows\\csobj\Win32\Debug\a\b\/..\..\Source\ChilliSource\Web\Base\/WebView.obj
         Z:\ActiveProjects\ChilliJam\SeriouslySaucyChilliJam\ChilliJam\Projects\Windows\\csobj\Win32\Debug\a\b\/..\..\Source\CSBackend\Platform\Windows\Core\Base\/Device.obj
         Z:\ActiveProjects\ChilliJam\SeriouslySaucyChilliJam\ChilliJam\Projects\Windows\\csobj\Win32\Debug\a\b\/..\..\Source\CSBackend\Platform\Windows\Core\Base\/PlatformSystem.obj
         Z:\ActiveProjects\ChilliJam\SeriouslySaucyChilliJam\ChilliJam\Projects\Windows\\csobj\Win32\Debug\a\b\/..\..\Source\CSBackend\Platform\Windows\Core\Base\/Screen.obj
         Z:\ActiveProjects\ChilliJam\SeriouslySaucyChilliJam\ChilliJam\Projects\Windows\\csobj\Win32\Debug\a\b\/..\..\Source\CSBackend\Platform\Windows\Core\DialogueBox\/DialogueBoxSystem.obj
         Z:\ActiveProjects\ChilliJam\SeriouslySaucyChilliJam\ChilliJam\Projects\Windows\\csobj\Win32\Debug\a\b\/..\..\Source\CSBackend\Platform\Windows\Core\File\/FileSystem.obj
         Z:\ActiveProjects\ChilliJam\SeriouslySaucyChilliJam\ChilliJam\Projects\Windows\\csobj\Win32\Debug\a\b\/..\..\Source\CSBackend\Platform\Windows\Core\File\/WindowsFileUtils.obj
         Z:\ActiveProjects\ChilliJam\SeriouslySaucyChilliJam\ChilliJam\Projects\Windows\\csobj\Win32\Debug\a\b\/..\..\Source\CSBackend\Platform\Windows\Core\Image\/PngImage.obj
         Z:\ActiveProjects\ChilliJam\SeriouslySaucyChilliJam\ChilliJam\Projects\Windows\\csobj\Win32\Debug\a\b\/..\..\Source\CSBackend\Platform\Windows\Core\Image\/PNGImageProvider.obj
         Z:\ActiveProjects\ChilliJam\SeriouslySaucyChilliJam\ChilliJam\Projects\Windows\\csobj\Win32\Debug\a\b\/..\..\Source\CSBackend\Platform\Windows\Core\String\/WindowsStringUtils.obj
         Z:\ActiveProjects\ChilliJam\SeriouslySaucyChilliJam\ChilliJam\Projects\Windows\\csobj\Win32\Debug\a\b\/..\..\Source\CSBackend\Platform\Windows\Input\DeviceButtons\/DeviceButtonSystem.obj
         Z:\ActiveProjects\ChilliJam\SeriouslySaucyChilliJam\ChilliJam\Projects\Windows\\csobj\Win32\Debug\a\b\/..\..\Source\CSBackend\Platform\Windows\Input\Keyboard\/Keyboard.obj
         Z:\ActiveProjects\ChilliJam\SeriouslySaucyChilliJam\ChilliJam\Projects\Windows\\csobj\Win32\Debug\a\b\/..\..\Source\CSBackend\Platform\Windows\Input\Pointer\/PointerSystem.obj
         Z:\ActiveProjects\ChilliJam\SeriouslySaucyChilliJam\ChilliJam\Projects\Windows\\csobj\Win32\Debug\a\b\/..\..\Source\CSBackend\Platform\Windows\Input\TextEntry\/TextEntry.obj
         Z:\ActiveProjects\ChilliJam\SeriouslySaucyChilliJam\ChilliJam\Projects\Windows\\csobj\Win32\Debug\a\b\/..\..\Source\CSBackend\Platform\Windows\/Main.obj
         Z:\ActiveProjects\ChilliJam\SeriouslySaucyChilliJam\ChilliJam\Projects\Windows\\csobj\Win32\Debug\a\b\/..\..\Source\CSBackend\Platform\Windows\Networking\Http\/HttpRequest.obj
         Z:\ActiveProjects\ChilliJam\SeriouslySaucyChilliJam\ChilliJam\Projects\Windows\\csobj\Win32\Debug\a\b\/..\..\Source\CSBackend\Platform\Windows\Networking\Http\/HttpRequestSystem.obj
         Z:\ActiveProjects\ChilliJam\SeriouslySaucyChilliJam\ChilliJam\Projects\Windows\\csobj\Win32\Debug\a\b\/..\..\Source\CSBackend\Platform\Windows\SFML\Base\/SFMLWindow.obj
         Z:\ActiveProjects\ChilliJam\SeriouslySaucyChilliJam\ChilliJam\Projects\Windows\\csobj\Win32\Debug\a\b\/..\..\Source\CSBackend\Rendering\OpenGL\Base\/ContextRestorer.obj
         Z:\ActiveProjects\ChilliJam\SeriouslySaucyChilliJam\ChilliJam\Projects\Windows\\csobj\Win32\Debug\a\b\/..\..\Source\CSBackend\Rendering\OpenGL\Base\/GLError.obj
         Z:\ActiveProjects\ChilliJam\SeriouslySaucyChilliJam\ChilliJam\Projects\Windows\\csobj\Win32\Debug\a\b\/..\..\Source\CSBackend\Rendering\OpenGL\Base\/MeshBuffer.obj
         Z:\ActiveProjects\ChilliJam\SeriouslySaucyChilliJam\ChilliJam\Projects\Windows\\csobj\Win32\Debug\a\b\/..\..\Source\CSBackend\Rendering\OpenGL\Base\/RenderCapabilities.obj
         Z:\ActiveProjects\ChilliJam\SeriouslySaucyChilliJam\ChilliJam\Projects\Windows\\csobj\Win32\Debug\a\b\/..\..\Source\CSBackend\Rendering\OpenGL\Base\/RenderSystem.obj
         Z:\ActiveProjects\ChilliJam\SeriouslySaucyChilliJam\ChilliJam\Projects\Windows\\csobj\Win32\Debug\a\b\/..\..\Source\CSBackend\Rendering\OpenGL\Base\/RenderTarget.obj
         Z:\ActiveProjects\ChilliJam\SeriouslySaucyChilliJam\ChilliJam\Projects\Windows\\csobj\Win32\Debug\a\b\/..\..\Source\CSBackend\Rendering\OpenGL\Shader\/GLSLShaderProvider.obj
         Z:\ActiveProjects\ChilliJam\SeriouslySaucyChilliJam\ChilliJam\Projects\Windows\\csobj\Win32\Debug\a\b\/..\..\Source\CSBackend\Rendering\OpenGL\Shader\/Shader.obj
         Z:\ActiveProjects\ChilliJam\SeriouslySaucyChilliJam\ChilliJam\Projects\Windows\\csobj\Win32\Debug\a\b\/..\..\Source\CSBackend\Rendering\OpenGL\Texture\/Cubemap.obj
         Z:\ActiveProjects\ChilliJam\SeriouslySaucyChilliJam\ChilliJam\Projects\Windows\\csobj\Win32\Debug\a\b\/..\..\Source\CSBackend\Rendering\OpenGL\Texture\/Texture.obj
         Z:\ActiveProjects\ChilliJam\SeriouslySaucyChilliJam\ChilliJam\Projects\Windows\\csobj\Win32\Debug\a\b\/..\..\Source\CSBackend\Rendering\OpenGL\Texture\/TextureUnitSystem.obj
         ChilliSource.vcxproj -> Z:\ActiveProjects\ChilliJam\SeriouslySaucyChilliJam\ChilliJam\Projects\Windows\\csbin\Win32\Debug\ChilliSource.lib
     1>Done Building Project "Z:\ActiveProjects\ChilliJam\SeriouslySaucyChilliJam\ChilliJam\ChilliSource\Projects\Windows\ChilliSource.vcxproj" (Build target(s)).

Build succeeded.

Time Elapsed 00:00:03.40
