z:\activeprojects\chillijam\seriouslysaucychillijam\chillijam\projects\windows\csobj\win32\debug\a\b\vc120.pdb
z:\activeprojects\chillijam\seriouslysaucychillijam\chillijam\projects\windows\csobj\win32\debug\source\chillisource\core\base\colour.obj
z:\activeprojects\chillijam\seriouslysaucychillijam\chillijam\projects\windows\csobj\win32\debug\source\chillisource\core\base\device.obj
z:\activeprojects\chillijam\seriouslysaucychillijam\chillijam\projects\windows\csobj\win32\debug\source\chillisource\core\base\logging.obj
z:\activeprojects\chillijam\seriouslysaucychillijam\chillijam\projects\windows\csobj\win32\debug\source\chillisource\core\base\application.obj
z:\activeprojects\chillijam\seriouslysaucychillijam\chillijam\projects\windows\csobj\win32\debug\source\chillisource\core\base\bytecolour.obj
z:\activeprojects\chillijam\seriouslysaucychillijam\chillijam\projects\windows\csobj\win32\debug\source\chillisource\core\base\colourutils.obj
z:\activeprojects\chillijam\seriouslysaucychillijam\chillijam\projects\windows\csobj\win32\debug\source\chillisource\core\base\platformsystem.obj
z:\activeprojects\chillijam\seriouslysaucychillijam\chillijam\projects\windows\csobj\win32\debug\source\chillisource\core\base\utils.obj
z:\activeprojects\chillijam\seriouslysaucychillijam\chillijam\projects\windows\csobj\win32\debug\source\chillisource\core\base\appconfig.obj
z:\activeprojects\chillijam\seriouslysaucychillijam\chillijam\projects\windows\csobj\win32\debug\source\chillisource\core\base\screen.obj
z:\activeprojects\chillijam\seriouslysaucychillijam\chillijam\projects\windows\csobj\win32\debug\source\chillisource\core\container\paramdictionary.obj
z:\activeprojects\chillijam\seriouslysaucychillijam\chillijam\projects\windows\csobj\win32\debug\source\chillisource\core\container\paramdictionaryserialiser.obj
z:\activeprojects\chillijam\seriouslysaucychillijam\chillijam\projects\windows\csobj\win32\debug\source\chillisource\core\container\property\propertymap.obj
z:\activeprojects\chillijam\seriouslysaucychillijam\chillijam\projects\windows\csobj\win32\debug\source\chillisource\core\container\property\propertytypes.obj
z:\activeprojects\chillijam\seriouslysaucychillijam\chillijam\projects\windows\csobj\win32\debug\source\chillisource\core\cryptographic\aesencrypt.obj
z:\activeprojects\chillijam\seriouslysaucychillijam\chillijam\projects\windows\csobj\win32\debug\source\chillisource\core\cryptographic\hashmd5.obj
z:\activeprojects\chillijam\seriouslysaucychillijam\chillijam\projects\windows\csobj\win32\debug\source\chillisource\core\cryptographic\oauth.obj
z:\activeprojects\chillijam\seriouslysaucychillijam\chillijam\projects\windows\csobj\win32\debug\source\chillisource\core\cryptographic\hashcrc32.obj
z:\activeprojects\chillijam\seriouslysaucychillijam\chillijam\projects\windows\csobj\win32\debug\source\chillisource\core\cryptographic\hashsha1.obj
z:\activeprojects\chillijam\seriouslysaucychillijam\chillijam\projects\windows\csobj\win32\debug\source\chillisource\core\cryptographic\baseencoding.obj
z:\activeprojects\chillijam\seriouslysaucychillijam\chillijam\projects\windows\csobj\win32\debug\a\b\vc120.idb
z:\activeprojects\chillijam\seriouslysaucychillijam\chillijam\projects\windows\csobj\win32\debug\source\chillisource\core\dialoguebox\dialogueboxsystem.obj
z:\activeprojects\chillijam\seriouslysaucychillijam\chillijam\projects\windows\csobj\win32\debug\source\chillisource\core\entity\transform.obj
z:\activeprojects\chillijam\seriouslysaucychillijam\chillijam\projects\windows\csobj\win32\debug\source\chillisource\core\entity\entity.obj
z:\activeprojects\chillijam\seriouslysaucychillijam\chillijam\projects\windows\csobj\win32\debug\source\chillisource\core\entity\component.obj
z:\activeprojects\chillijam\seriouslysaucychillijam\chillijam\projects\windows\csobj\win32\debug\source\chillisource\core\event\eventconnection.obj
z:\activeprojects\chillijam\seriouslysaucychillijam\chillijam\projects\windows\csobj\win32\debug\source\chillisource\core\file\filestream.obj
z:\activeprojects\chillijam\seriouslysaucychillijam\chillijam\projects\windows\csobj\win32\debug\source\chillisource\core\file\taggedfilepathresolver.obj
z:\activeprojects\chillijam\seriouslysaucychillijam\chillijam\projects\windows\csobj\win32\debug\source\chillisource\core\file\csbinaryinputstream.obj
z:\activeprojects\chillijam\seriouslysaucychillijam\chillijam\projects\windows\csobj\win32\debug\source\chillisource\core\file\csbinarychunk.obj
z:\activeprojects\chillijam\seriouslysaucychillijam\chillijam\projects\windows\csobj\win32\debug\source\chillisource\core\file\filesystem.obj
z:\activeprojects\chillijam\seriouslysaucychillijam\chillijam\projects\windows\csobj\win32\debug\source\chillisource\core\file\appdatastore.obj
z:\activeprojects\chillijam\seriouslysaucychillijam\chillijam\projects\windows\csobj\win32\debug\source\chillisource\core\image\image.obj
z:\activeprojects\chillijam\seriouslysaucychillijam\chillijam\projects\windows\csobj\win32\debug\source\chillisource\core\image\pvrimageprovider.obj
z:\activeprojects\chillijam\seriouslysaucychillijam\chillijam\projects\windows\csobj\win32\debug\source\chillisource\core\image\imageformatconverter.obj
z:\activeprojects\chillijam\seriouslysaucychillijam\chillijam\projects\windows\csobj\win32\debug\source\chillisource\core\image\pngimageprovider.obj
z:\activeprojects\chillijam\seriouslysaucychillijam\chillijam\projects\windows\csobj\win32\debug\source\chillisource\core\image\etc1imageprovider.obj
z:\activeprojects\chillijam\seriouslysaucychillijam\chillijam\projects\windows\csobj\win32\debug\source\chillisource\core\image\csimageprovider.obj
z:\activeprojects\chillijam\seriouslysaucychillijam\chillijam\projects\windows\csobj\win32\debug\source\chillisource\core\json\jsonutils.obj
z:\activeprojects\chillijam\seriouslysaucychillijam\chillijam\projects\windows\csobj\win32\debug\source\chillisource\core\localisation\localisedtextprovider.obj
z:\activeprojects\chillijam\seriouslysaucychillijam\chillijam\projects\windows\csobj\win32\debug\source\chillisource\core\localisation\localisedtext.obj
z:\activeprojects\chillijam\seriouslysaucychillijam\chillijam\projects\windows\csobj\win32\debug\source\chillisource\core\math\geometry\shapeintersection.obj
z:\activeprojects\chillijam\seriouslysaucychillijam\chillijam\projects\windows\csobj\win32\debug\source\chillisource\core\math\geometry\shapes.obj
z:\activeprojects\chillijam\seriouslysaucychillijam\chillijam\projects\windows\csobj\win32\debug\source\chillisource\core\math\random.obj
z:\activeprojects\chillijam\seriouslysaucychillijam\chillijam\projects\windows\csobj\win32\debug\source\chillisource\core\math\mathutils.obj
z:\activeprojects\chillijam\seriouslysaucychillijam\chillijam\projects\windows\csobj\win32\debug\source\chillisource\core\math\unifiedcoordinates.obj
z:\activeprojects\chillijam\seriouslysaucychillijam\chillijam\projects\windows\csobj\win32\debug\source\chillisource\core\notification\notificationmanager.obj
z:\activeprojects\chillijam\seriouslysaucychillijam\chillijam\projects\windows\csobj\win32\debug\source\chillisource\core\notification\appnotificationsystem.obj
z:\activeprojects\chillijam\seriouslysaucychillijam\chillijam\projects\windows\csobj\win32\debug\source\chillisource\core\notification\remotenotificationsystem.obj
z:\activeprojects\chillijam\seriouslysaucychillijam\chillijam\projects\windows\csobj\win32\debug\source\chillisource\core\notification\localnotificationsystem.obj
z:\activeprojects\chillijam\seriouslysaucychillijam\chillijam\projects\windows\csobj\win32\debug\source\chillisource\core\resource\resourceprovider.obj
z:\activeprojects\chillijam\seriouslysaucychillijam\chillijam\projects\windows\csobj\win32\debug\source\chillisource\core\resource\resource.obj
z:\activeprojects\chillijam\seriouslysaucychillijam\chillijam\projects\windows\csobj\win32\debug\source\chillisource\core\resource\resourcepool.obj
z:\activeprojects\chillijam\seriouslysaucychillijam\chillijam\projects\windows\csobj\win32\debug\source\chillisource\core\scene\scene.obj
z:\activeprojects\chillijam\seriouslysaucychillijam\chillijam\projects\windows\csobj\win32\debug\source\chillisource\core\state\statemanager.obj
z:\activeprojects\chillijam\seriouslysaucychillijam\chillijam\projects\windows\csobj\win32\debug\source\chillisource\core\state\state.obj
z:\activeprojects\chillijam\seriouslysaucychillijam\chillijam\projects\windows\csobj\win32\debug\source\chillisource\core\string\tostring.obj
z:\activeprojects\chillijam\seriouslysaucychillijam\chillijam\projects\windows\csobj\win32\debug\source\chillisource\core\string\stringparser.obj
z:\activeprojects\chillijam\seriouslysaucychillijam\chillijam\projects\windows\csobj\win32\debug\source\chillisource\core\string\utf8stringutils.obj
z:\activeprojects\chillijam\seriouslysaucychillijam\chillijam\projects\windows\csobj\win32\debug\source\chillisource\core\string\stringutils.obj
z:\activeprojects\chillijam\seriouslysaucychillijam\chillijam\projects\windows\csobj\win32\debug\source\chillisource\core\system\statesystem.obj
z:\activeprojects\chillijam\seriouslysaucychillijam\chillijam\projects\windows\csobj\win32\debug\source\chillisource\core\threading\taskscheduler.obj
z:\activeprojects\chillijam\seriouslysaucychillijam\chillijam\projects\windows\csobj\win32\debug\source\chillisource\core\threading\threadpool.obj
z:\activeprojects\chillijam\seriouslysaucychillijam\chillijam\projects\windows\csobj\win32\debug\source\chillisource\core\time\performancetimer.obj
z:\activeprojects\chillijam\seriouslysaucychillijam\chillijam\projects\windows\csobj\win32\debug\source\chillisource\core\time\coretimer.obj
z:\activeprojects\chillijam\seriouslysaucychillijam\chillijam\projects\windows\csobj\win32\debug\source\chillisource\core\time\timer.obj
z:\activeprojects\chillijam\seriouslysaucychillijam\chillijam\projects\windows\csobj\win32\debug\source\chillisource\core\volume\volumecomponent.obj
z:\activeprojects\chillijam\seriouslysaucychillijam\chillijam\projects\windows\csobj\win32\debug\source\chillisource\core\xml\xml.obj
z:\activeprojects\chillijam\seriouslysaucychillijam\chillijam\projects\windows\csobj\win32\debug\source\chillisource\core\xml\xmlutils.obj
z:\activeprojects\chillijam\seriouslysaucychillijam\chillijam\projects\windows\csobj\win32\debug\source\chillisource\input\accelerometer\accelerometer.obj
z:\activeprojects\chillijam\seriouslysaucychillijam\chillijam\projects\windows\csobj\win32\debug\source\chillisource\input\base\filter.obj
z:\activeprojects\chillijam\seriouslysaucychillijam\chillijam\projects\windows\csobj\win32\debug\source\chillisource\input\devicebuttons\devicebuttonsystem.obj
z:\activeprojects\chillijam\seriouslysaucychillijam\chillijam\projects\windows\csobj\win32\debug\source\chillisource\input\gesture\gesture.obj
z:\activeprojects\chillijam\seriouslysaucychillijam\chillijam\projects\windows\csobj\win32\debug\source\chillisource\input\gesture\tapgesture.obj
z:\activeprojects\chillijam\seriouslysaucychillijam\chillijam\projects\windows\csobj\win32\debug\source\chillisource\input\gesture\gesturesystem.obj
z:\activeprojects\chillijam\seriouslysaucychillijam\chillijam\projects\windows\csobj\win32\debug\source\chillisource\input\gesture\holdgesture.obj
z:\activeprojects\chillijam\seriouslysaucychillijam\chillijam\projects\windows\csobj\win32\debug\source\chillisource\input\gesture\rotationgesture.obj
z:\activeprojects\chillijam\seriouslysaucychillijam\chillijam\projects\windows\csobj\win32\debug\source\chillisource\input\gesture\draggesture.obj
z:\activeprojects\chillijam\seriouslysaucychillijam\chillijam\projects\windows\csobj\win32\debug\source\chillisource\input\gesture\pinchgesture.obj
z:\activeprojects\chillijam\seriouslysaucychillijam\chillijam\projects\windows\csobj\win32\debug\source\chillisource\input\keyboard\keyboard.obj
z:\activeprojects\chillijam\seriouslysaucychillijam\chillijam\projects\windows\csobj\win32\debug\source\chillisource\input\pointer\pointer.obj
z:\activeprojects\chillijam\seriouslysaucychillijam\chillijam\projects\windows\csobj\win32\debug\source\chillisource\input\pointer\pointersystem.obj
z:\activeprojects\chillijam\seriouslysaucychillijam\chillijam\projects\windows\csobj\win32\debug\source\chillisource\input\textentry\textentry.obj
z:\activeprojects\chillijam\seriouslysaucychillijam\chillijam\projects\windows\csobj\win32\debug\source\chillisource\networking\contentdownload\contentmanagementsystem.obj
z:\activeprojects\chillijam\seriouslysaucychillijam\chillijam\projects\windows\csobj\win32\debug\source\chillisource\networking\contentdownload\mocontentdownloader.obj
z:\activeprojects\chillijam\seriouslysaucychillijam\chillijam\projects\windows\csobj\win32\debug\source\chillisource\networking\http\httprequestsystem.obj
z:\activeprojects\chillijam\seriouslysaucychillijam\chillijam\projects\windows\csobj\win32\debug\source\chillisource\networking\http\httpresponse.obj
z:\activeprojects\chillijam\seriouslysaucychillijam\chillijam\projects\windows\csobj\win32\debug\source\chillisource\networking\iap\iapsystem.obj
z:\activeprojects\chillijam\seriouslysaucychillijam\chillijam\projects\windows\csobj\win32\debug\source\chillisource\rendering\base\canvasrenderer.obj
z:\activeprojects\chillijam\seriouslysaucychillijam\chillijam\projects\windows\csobj\win32\debug\source\chillisource\rendering\base\renderersortpredicates.obj
z:\activeprojects\chillijam\seriouslysaucychillijam\chillijam\projects\windows\csobj\win32\debug\source\chillisource\rendering\base\verticaltextjustification.obj
z:\activeprojects\chillijam\seriouslysaucychillijam\chillijam\projects\windows\csobj\win32\debug\source\chillisource\rendering\base\aspectratioutils.obj
z:\activeprojects\chillijam\seriouslysaucychillijam\chillijam\projects\windows\csobj\win32\debug\source\chillisource\rendering\base\horizontaltextjustification.obj
z:\activeprojects\chillijam\seriouslysaucychillijam\chillijam\projects\windows\csobj\win32\debug\source\chillisource\rendering\base\meshbuffer.obj
z:\activeprojects\chillijam\seriouslysaucychillijam\chillijam\projects\windows\csobj\win32\debug\source\chillisource\rendering\base\rendercomponent.obj
z:\activeprojects\chillijam\seriouslysaucychillijam\chillijam\projects\windows\csobj\win32\debug\source\chillisource\rendering\base\rendersystem.obj
z:\activeprojects\chillijam\seriouslysaucychillijam\chillijam\projects\windows\csobj\win32\debug\source\chillisource\rendering\base\cullingpredicates.obj
z:\activeprojects\chillijam\seriouslysaucychillijam\chillijam\projects\windows\csobj\win32\debug\source\chillisource\rendering\base\rendercapabilities.obj
z:\activeprojects\chillijam\seriouslysaucychillijam\chillijam\projects\windows\csobj\win32\debug\source\chillisource\rendering\base\rendercomponentfactory.obj
z:\activeprojects\chillijam\seriouslysaucychillijam\chillijam\projects\windows\csobj\win32\debug\source\chillisource\rendering\base\vertexdeclaration.obj
z:\activeprojects\chillijam\seriouslysaucychillijam\chillijam\projects\windows\csobj\win32\debug\source\chillisource\rendering\base\alignmentanchors.obj
z:\activeprojects\chillijam\seriouslysaucychillijam\chillijam\projects\windows\csobj\win32\debug\source\chillisource\rendering\base\meshbatch.obj
z:\activeprojects\chillijam\seriouslysaucychillijam\chillijam\projects\windows\csobj\win32\debug\source\chillisource\rendering\base\renderer.obj
z:\activeprojects\chillijam\seriouslysaucychillijam\chillijam\projects\windows\csobj\win32\debug\source\chillisource\rendering\camera\cameracomponent.obj
z:\activeprojects\chillijam\seriouslysaucychillijam\chillijam\projects\windows\csobj\win32\debug\source\chillisource\rendering\camera\perspectivecameracomponent.obj
z:\activeprojects\chillijam\seriouslysaucychillijam\chillijam\projects\windows\csobj\win32\debug\source\chillisource\rendering\camera\orthographiccameracomponent.obj
z:\activeprojects\chillijam\seriouslysaucychillijam\chillijam\projects\windows\csobj\win32\debug\source\chillisource\rendering\font\fontprovider.obj
z:\activeprojects\chillijam\seriouslysaucychillijam\chillijam\projects\windows\csobj\win32\debug\source\chillisource\rendering\font\font.obj
z:\activeprojects\chillijam\seriouslysaucychillijam\chillijam\projects\windows\csobj\win32\debug\source\chillisource\rendering\lighting\ambientlightcomponent.obj
z:\activeprojects\chillijam\seriouslysaucychillijam\chillijam\projects\windows\csobj\win32\debug\source\chillisource\rendering\lighting\pointlightcomponent.obj
z:\activeprojects\chillijam\seriouslysaucychillijam\chillijam\projects\windows\csobj\win32\debug\source\chillisource\rendering\lighting\directionallightcomponent.obj
z:\activeprojects\chillijam\seriouslysaucychillijam\chillijam\projects\windows\csobj\win32\debug\source\chillisource\rendering\lighting\lightcomponent.obj
z:\activeprojects\chillijam\seriouslysaucychillijam\chillijam\projects\windows\csobj\win32\debug\source\chillisource\rendering\material\materialprovider.obj
z:\activeprojects\chillijam\seriouslysaucychillijam\chillijam\projects\windows\csobj\win32\debug\source\chillisource\rendering\material\material.obj
z:\activeprojects\chillijam\seriouslysaucychillijam\chillijam\projects\windows\csobj\win32\debug\source\chillisource\rendering\material\materialfactory.obj
z:\activeprojects\chillijam\seriouslysaucychillijam\chillijam\projects\windows\csobj\win32\debug\source\chillisource\rendering\model\mesh.obj
z:\activeprojects\chillijam\seriouslysaucychillijam\chillijam\projects\windows\csobj\win32\debug\source\chillisource\rendering\model\skeleton.obj
z:\activeprojects\chillijam\seriouslysaucychillijam\chillijam\projects\windows\csobj\win32\debug\source\chillisource\rendering\model\submesh.obj
z:\activeprojects\chillijam\seriouslysaucychillijam\chillijam\projects\windows\csobj\win32\debug\source\chillisource\rendering\model\csanimprovider.obj
z:\activeprojects\chillijam\seriouslysaucychillijam\chillijam\projects\windows\csobj\win32\debug\source\chillisource\rendering\model\meshdescriptor.obj
z:\activeprojects\chillijam\seriouslysaucychillijam\chillijam\projects\windows\csobj\win32\debug\source\chillisource\rendering\model\staticmeshcomponent.obj
z:\activeprojects\chillijam\seriouslysaucychillijam\chillijam\projects\windows\csobj\win32\debug\source\chillisource\rendering\model\csmodelprovider.obj
z:\activeprojects\chillijam\seriouslysaucychillijam\chillijam\projects\windows\csobj\win32\debug\source\chillisource\rendering\model\skinnedanimation.obj
z:\activeprojects\chillijam\seriouslysaucychillijam\chillijam\projects\windows\csobj\win32\debug\source\chillisource\rendering\model\animatedmeshcomponent.obj
z:\activeprojects\chillijam\seriouslysaucychillijam\chillijam\projects\windows\csobj\win32\debug\source\chillisource\rendering\model\skinnedanimationgroup.obj
z:\activeprojects\chillijam\seriouslysaucychillijam\chillijam\projects\windows\csobj\win32\debug\source\chillisource\rendering\particle\affector\angularaccelerationparticleaffector.obj
z:\activeprojects\chillijam\seriouslysaucychillijam\chillijam\projects\windows\csobj\win32\debug\source\chillisource\rendering\particle\affector\particleaffector.obj
z:\activeprojects\chillijam\seriouslysaucychillijam\chillijam\projects\windows\csobj\win32\debug\source\chillisource\rendering\particle\affector\scaleoverlifetimeparticleaffector.obj
z:\activeprojects\chillijam\seriouslysaucychillijam\chillijam\projects\windows\csobj\win32\debug\source\chillisource\rendering\particle\affector\angularaccelerationparticleaffectordef.obj
z:\activeprojects\chillijam\seriouslysaucychillijam\chillijam\projects\windows\csobj\win32\debug\source\chillisource\rendering\particle\affector\colouroverlifetimeparticleaffector.obj
z:\activeprojects\chillijam\seriouslysaucychillijam\chillijam\projects\windows\csobj\win32\debug\source\chillisource\rendering\particle\affector\accelerationparticleaffector.obj
z:\activeprojects\chillijam\seriouslysaucychillijam\chillijam\projects\windows\csobj\win32\debug\source\chillisource\rendering\particle\affector\particleaffectordef.obj
z:\activeprojects\chillijam\seriouslysaucychillijam\chillijam\projects\windows\csobj\win32\debug\source\chillisource\rendering\particle\affector\scaleoverlifetimeparticleaffectordef.obj
z:\activeprojects\chillijam\seriouslysaucychillijam\chillijam\projects\windows\csobj\win32\debug\source\chillisource\rendering\particle\affector\accelerationparticleaffectordef.obj
z:\activeprojects\chillijam\seriouslysaucychillijam\chillijam\projects\windows\csobj\win32\debug\source\chillisource\rendering\particle\affector\colouroverlifetimeparticleaffectordef.obj
z:\activeprojects\chillijam\seriouslysaucychillijam\chillijam\projects\windows\csobj\win32\debug\source\chillisource\rendering\particle\affector\particleaffectordeffactory.obj
z:\activeprojects\chillijam\seriouslysaucychillijam\chillijam\projects\windows\csobj\win32\debug\source\chillisource\rendering\particle\particleeffect.obj
z:\activeprojects\chillijam\seriouslysaucychillijam\chillijam\projects\windows\csobj\win32\debug\source\chillisource\rendering\particle\concurrentparticledata.obj
z:\activeprojects\chillijam\seriouslysaucychillijam\chillijam\projects\windows\csobj\win32\debug\source\chillisource\rendering\particle\csparticleprovider.obj
z:\activeprojects\chillijam\seriouslysaucychillijam\chillijam\projects\windows\csobj\win32\debug\source\chillisource\rendering\particle\particleeffectcomponent.obj
z:\activeprojects\chillijam\seriouslysaucychillijam\chillijam\projects\windows\csobj\win32\debug\source\chillisource\rendering\particle\drawable\particledrawable.obj
z:\activeprojects\chillijam\seriouslysaucychillijam\chillijam\projects\windows\csobj\win32\debug\source\chillisource\rendering\particle\drawable\staticbillboardparticledrawable.obj
z:\activeprojects\chillijam\seriouslysaucychillijam\chillijam\projects\windows\csobj\win32\debug\source\chillisource\rendering\particle\drawable\particledrawabledeffactory.obj
z:\activeprojects\chillijam\seriouslysaucychillijam\chillijam\projects\windows\csobj\win32\debug\source\chillisource\rendering\particle\drawable\particledrawabledef.obj
z:\activeprojects\chillijam\seriouslysaucychillijam\chillijam\projects\windows\csobj\win32\debug\source\chillisource\rendering\particle\drawable\staticbillboardparticledrawabledef.obj
z:\activeprojects\chillijam\seriouslysaucychillijam\chillijam\projects\windows\csobj\win32\debug\source\chillisource\rendering\particle\emitter\cone2dparticleemitter.obj
z:\activeprojects\chillijam\seriouslysaucychillijam\chillijam\projects\windows\csobj\win32\debug\source\chillisource\rendering\particle\emitter\particleemitter.obj
z:\activeprojects\chillijam\seriouslysaucychillijam\chillijam\projects\windows\csobj\win32\debug\source\chillisource\rendering\particle\emitter\sphereparticleemitter.obj
z:\activeprojects\chillijam\seriouslysaucychillijam\chillijam\projects\windows\csobj\win32\debug\source\chillisource\rendering\particle\emitter\circleparticleemitterdef.obj
z:\activeprojects\chillijam\seriouslysaucychillijam\chillijam\projects\windows\csobj\win32\debug\source\chillisource\rendering\particle\emitter\coneparticleemitterdef.obj
z:\activeprojects\chillijam\seriouslysaucychillijam\chillijam\projects\windows\csobj\win32\debug\source\chillisource\rendering\particle\emitter\particleemitterdeffactory.obj
z:\activeprojects\chillijam\seriouslysaucychillijam\chillijam\projects\windows\csobj\win32\debug\source\chillisource\rendering\particle\emitter\sphereparticleemitterdef.obj
z:\activeprojects\chillijam\seriouslysaucychillijam\chillijam\projects\windows\csobj\win32\debug\source\chillisource\rendering\particle\emitter\cone2dparticleemitterdef.obj
z:\activeprojects\chillijam\seriouslysaucychillijam\chillijam\projects\windows\csobj\win32\debug\source\chillisource\rendering\particle\emitter\coneparticleemitter.obj
z:\activeprojects\chillijam\seriouslysaucychillijam\chillijam\projects\windows\csobj\win32\debug\source\chillisource\rendering\particle\emitter\pointparticleemitter.obj
z:\activeprojects\chillijam\seriouslysaucychillijam\chillijam\projects\windows\csobj\win32\debug\source\chillisource\rendering\particle\emitter\circleparticleemitter.obj
z:\activeprojects\chillijam\seriouslysaucychillijam\chillijam\projects\windows\csobj\win32\debug\source\chillisource\rendering\particle\emitter\particleemitterdef.obj
z:\activeprojects\chillijam\seriouslysaucychillijam\chillijam\projects\windows\csobj\win32\debug\source\chillisource\rendering\particle\emitter\pointparticleemitterdef.obj
z:\activeprojects\chillijam\seriouslysaucychillijam\chillijam\projects\windows\csobj\win32\debug\source\chillisource\rendering\particle\property\particlepropertycurvefunctions.obj
z:\activeprojects\chillijam\seriouslysaucychillijam\chillijam\projects\windows\csobj\win32\debug\source\chillisource\rendering\particle\property\particlepropertyfactoryimpl.obj
z:\activeprojects\chillijam\seriouslysaucychillijam\chillijam\projects\windows\csobj\win32\debug\source\chillisource\rendering\shader\shader.obj
z:\activeprojects\chillijam\seriouslysaucychillijam\chillijam\projects\windows\csobj\win32\debug\source\chillisource\rendering\sprite\dynamicspritebatcher.obj
z:\activeprojects\chillijam\seriouslysaucychillijam\chillijam\projects\windows\csobj\win32\debug\source\chillisource\rendering\sprite\spritecomponent.obj
z:\activeprojects\chillijam\seriouslysaucychillijam\chillijam\projects\windows\csobj\win32\debug\source\chillisource\rendering\sprite\spritebatch.obj
z:\activeprojects\chillijam\seriouslysaucychillijam\chillijam\projects\windows\csobj\win32\debug\source\chillisource\rendering\texture\cubemap.obj
z:\activeprojects\chillijam\seriouslysaucychillijam\chillijam\projects\windows\csobj\win32\debug\source\chillisource\rendering\texture\textureprovider.obj
z:\activeprojects\chillijam\seriouslysaucychillijam\chillijam\projects\windows\csobj\win32\debug\source\chillisource\rendering\texture\cubemapprovider.obj
z:\activeprojects\chillijam\seriouslysaucychillijam\chillijam\projects\windows\csobj\win32\debug\source\chillisource\rendering\texture\textureatlasprovider.obj
z:\activeprojects\chillijam\seriouslysaucychillijam\chillijam\projects\windows\csobj\win32\debug\source\chillisource\rendering\texture\texture.obj
z:\activeprojects\chillijam\seriouslysaucychillijam\chillijam\projects\windows\csobj\win32\debug\source\chillisource\rendering\texture\textureresourceoptions.obj
z:\activeprojects\chillijam\seriouslysaucychillijam\chillijam\projects\windows\csobj\win32\debug\source\chillisource\rendering\texture\cubemapresourceoptions.obj
z:\activeprojects\chillijam\seriouslysaucychillijam\chillijam\projects\windows\csobj\win32\debug\source\chillisource\rendering\texture\textureatlas.obj
z:\activeprojects\chillijam\seriouslysaucychillijam\chillijam\projects\windows\csobj\win32\debug\source\chillisource\rendering\texture\uvs.obj
z:\activeprojects\chillijam\seriouslysaucychillijam\chillijam\projects\windows\csobj\win32\debug\source\chillisource\social\communications\emailcomposer.obj
z:\activeprojects\chillijam\seriouslysaucychillijam\chillijam\projects\windows\csobj\win32\debug\source\chillisource\social\facebook\facebookauthenticationsystem.obj
z:\activeprojects\chillijam\seriouslysaucychillijam\chillijam\projects\windows\csobj\win32\debug\source\chillisource\social\facebook\facebookpostsystem.obj
z:\activeprojects\chillijam\seriouslysaucychillijam\chillijam\projects\windows\csobj\win32\debug\source\chillisource\ui\base\canvas.obj
z:\activeprojects\chillijam\seriouslysaucychillijam\chillijam\projects\windows\csobj\win32\debug\source\chillisource\ui\base\widgetdefprovider.obj
z:\activeprojects\chillijam\seriouslysaucychillijam\chillijam\projects\windows\csobj\win32\debug\source\chillisource\ui\base\widgettemplate.obj
z:\activeprojects\chillijam\seriouslysaucychillijam\chillijam\projects\windows\csobj\win32\debug\source\chillisource\ui\base\widgettemplateprovider.obj
z:\activeprojects\chillijam\seriouslysaucychillijam\chillijam\projects\windows\csobj\win32\debug\source\chillisource\ui\base\componentdesc.obj
z:\activeprojects\chillijam\seriouslysaucychillijam\chillijam\projects\windows\csobj\win32\debug\source\chillisource\ui\base\propertylink.obj
z:\activeprojects\chillijam\seriouslysaucychillijam\chillijam\projects\windows\csobj\win32\debug\source\chillisource\ui\base\sizepolicy.obj
z:\activeprojects\chillijam\seriouslysaucychillijam\chillijam\projects\windows\csobj\win32\debug\source\chillisource\ui\base\widgetdef.obj
z:\activeprojects\chillijam\seriouslysaucychillijam\chillijam\projects\windows\csobj\win32\debug\source\chillisource\ui\base\widgetfactory.obj
z:\activeprojects\chillijam\seriouslysaucychillijam\chillijam\projects\windows\csobj\win32\debug\source\chillisource\ui\base\componentfactory.obj
z:\activeprojects\chillijam\seriouslysaucychillijam\chillijam\projects\windows\csobj\win32\debug\source\chillisource\ui\base\widgetdesc.obj
z:\activeprojects\chillijam\seriouslysaucychillijam\chillijam\projects\windows\csobj\win32\debug\source\chillisource\ui\base\widgetparserutils.obj
z:\activeprojects\chillijam\seriouslysaucychillijam\chillijam\projects\windows\csobj\win32\debug\source\chillisource\ui\base\component.obj
z:\activeprojects\chillijam\seriouslysaucychillijam\chillijam\projects\windows\csobj\win32\debug\source\chillisource\ui\base\propertytypes.obj
z:\activeprojects\chillijam\seriouslysaucychillijam\chillijam\projects\windows\csobj\win32\debug\source\chillisource\ui\base\widget.obj
z:\activeprojects\chillijam\seriouslysaucychillijam\chillijam\projects\windows\csobj\win32\debug\source\chillisource\ui\button\togglehighlightcomponent.obj
z:\activeprojects\chillijam\seriouslysaucychillijam\chillijam\projects\windows\csobj\win32\debug\source\chillisource\ui\button\highlightcomponent.obj
z:\activeprojects\chillijam\seriouslysaucychillijam\chillijam\projects\windows\csobj\win32\debug\source\chillisource\ui\drawable\drawable.obj
z:\activeprojects\chillijam\seriouslysaucychillijam\chillijam\projects\windows\csobj\win32\debug\source\chillisource\ui\drawable\ninepatchdrawable.obj
z:\activeprojects\chillijam\seriouslysaucychillijam\chillijam\projects\windows\csobj\win32\debug\source\chillisource\ui\drawable\threepatchdrawable.obj
z:\activeprojects\chillijam\seriouslysaucychillijam\chillijam\projects\windows\csobj\win32\debug\source\chillisource\ui\drawable\drawabledef.obj
z:\activeprojects\chillijam\seriouslysaucychillijam\chillijam\projects\windows\csobj\win32\debug\source\chillisource\ui\drawable\standarddrawabledef.obj
z:\activeprojects\chillijam\seriouslysaucychillijam\chillijam\projects\windows\csobj\win32\debug\source\chillisource\ui\drawable\drawableutils.obj
z:\activeprojects\chillijam\seriouslysaucychillijam\chillijam\projects\windows\csobj\win32\debug\source\chillisource\ui\drawable\standarddrawable.obj
z:\activeprojects\chillijam\seriouslysaucychillijam\chillijam\projects\windows\csobj\win32\debug\source\chillisource\ui\drawable\drawablecomponent.obj
z:\activeprojects\chillijam\seriouslysaucychillijam\chillijam\projects\windows\csobj\win32\debug\source\chillisource\ui\drawable\ninepatchdrawabledef.obj
z:\activeprojects\chillijam\seriouslysaucychillijam\chillijam\projects\windows\csobj\win32\debug\source\chillisource\ui\drawable\threepatchdrawabledef.obj
z:\activeprojects\chillijam\seriouslysaucychillijam\chillijam\projects\windows\csobj\win32\debug\source\chillisource\ui\layout\hlistlayoutdef.obj
z:\activeprojects\chillijam\seriouslysaucychillijam\chillijam\projects\windows\csobj\win32\debug\source\chillisource\ui\layout\layoutcomponent.obj
z:\activeprojects\chillijam\seriouslysaucychillijam\chillijam\projects\windows\csobj\win32\debug\source\chillisource\ui\layout\gridlayoutdef.obj
z:\activeprojects\chillijam\seriouslysaucychillijam\chillijam\projects\windows\csobj\win32\debug\source\chillisource\ui\layout\layout.obj
z:\activeprojects\chillijam\seriouslysaucychillijam\chillijam\projects\windows\csobj\win32\debug\source\chillisource\ui\layout\vlistlayoutdef.obj
z:\activeprojects\chillijam\seriouslysaucychillijam\chillijam\projects\windows\csobj\win32\debug\source\chillisource\ui\layout\gridlayout.obj
z:\activeprojects\chillijam\seriouslysaucychillijam\chillijam\projects\windows\csobj\win32\debug\source\chillisource\ui\layout\vlistlayout.obj
z:\activeprojects\chillijam\seriouslysaucychillijam\chillijam\projects\windows\csobj\win32\debug\source\chillisource\ui\layout\hlistlayout.obj
z:\activeprojects\chillijam\seriouslysaucychillijam\chillijam\projects\windows\csobj\win32\debug\source\chillisource\ui\layout\layoutdef.obj
z:\activeprojects\chillijam\seriouslysaucychillijam\chillijam\projects\windows\csobj\win32\debug\source\chillisource\ui\progressbar\progressbartype.obj
z:\activeprojects\chillijam\seriouslysaucychillijam\chillijam\projects\windows\csobj\win32\debug\source\chillisource\ui\progressbar\progressbardirection.obj
z:\activeprojects\chillijam\seriouslysaucychillijam\chillijam\projects\windows\csobj\win32\debug\source\chillisource\ui\progressbar\progressbarcomponent.obj
z:\activeprojects\chillijam\seriouslysaucychillijam\chillijam\projects\windows\csobj\win32\debug\source\chillisource\ui\slider\sliderdirection.obj
z:\activeprojects\chillijam\seriouslysaucychillijam\chillijam\projects\windows\csobj\win32\debug\source\chillisource\ui\slider\slidercomponent.obj
z:\activeprojects\chillijam\seriouslysaucychillijam\chillijam\projects\windows\csobj\win32\debug\source\chillisource\ui\text\texticon.obj
z:\activeprojects\chillijam\seriouslysaucychillijam\chillijam\projects\windows\csobj\win32\debug\source\chillisource\ui\text\textcomponent.obj
z:\activeprojects\chillijam\seriouslysaucychillijam\chillijam\projects\windows\csobj\win32\debug\source\chillisource\video\base\subtitles.obj
z:\activeprojects\chillijam\seriouslysaucychillijam\chillijam\projects\windows\csobj\win32\debug\source\chillisource\video\base\videoplayer.obj
z:\activeprojects\chillijam\seriouslysaucychillijam\chillijam\projects\windows\csobj\win32\debug\source\chillisource\video\base\cssubtitlesprovider.obj
z:\activeprojects\chillijam\seriouslysaucychillijam\chillijam\projects\windows\csobj\win32\debug\source\chillisource\web\base\webview.obj
z:\activeprojects\chillijam\seriouslysaucychillijam\chillijam\projects\windows\csobj\win32\debug\source\csbackend\platform\windows\core\base\platformsystem.obj
z:\activeprojects\chillijam\seriouslysaucychillijam\chillijam\projects\windows\csobj\win32\debug\source\csbackend\platform\windows\core\base\device.obj
z:\activeprojects\chillijam\seriouslysaucychillijam\chillijam\projects\windows\csobj\win32\debug\source\csbackend\platform\windows\core\base\screen.obj
z:\activeprojects\chillijam\seriouslysaucychillijam\chillijam\projects\windows\csobj\win32\debug\source\csbackend\platform\windows\core\dialoguebox\dialogueboxsystem.obj
z:\activeprojects\chillijam\seriouslysaucychillijam\chillijam\projects\windows\csobj\win32\debug\source\csbackend\platform\windows\core\file\windowsfileutils.obj
z:\activeprojects\chillijam\seriouslysaucychillijam\chillijam\projects\windows\csobj\win32\debug\source\csbackend\platform\windows\core\file\filesystem.obj
z:\activeprojects\chillijam\seriouslysaucychillijam\chillijam\projects\windows\csobj\win32\debug\source\csbackend\platform\windows\core\image\pngimageprovider.obj
z:\activeprojects\chillijam\seriouslysaucychillijam\chillijam\projects\windows\csobj\win32\debug\source\csbackend\platform\windows\core\image\pngimage.obj
z:\activeprojects\chillijam\seriouslysaucychillijam\chillijam\projects\windows\csobj\win32\debug\source\csbackend\platform\windows\core\string\windowsstringutils.obj
z:\activeprojects\chillijam\seriouslysaucychillijam\chillijam\projects\windows\csobj\win32\debug\source\csbackend\platform\windows\input\devicebuttons\devicebuttonsystem.obj
z:\activeprojects\chillijam\seriouslysaucychillijam\chillijam\projects\windows\csobj\win32\debug\source\csbackend\platform\windows\input\keyboard\keyboard.obj
z:\activeprojects\chillijam\seriouslysaucychillijam\chillijam\projects\windows\csobj\win32\debug\source\csbackend\platform\windows\input\pointer\pointersystem.obj
z:\activeprojects\chillijam\seriouslysaucychillijam\chillijam\projects\windows\csobj\win32\debug\source\csbackend\platform\windows\input\textentry\textentry.obj
z:\activeprojects\chillijam\seriouslysaucychillijam\chillijam\projects\windows\csobj\win32\debug\source\csbackend\platform\windows\main.obj
z:\activeprojects\chillijam\seriouslysaucychillijam\chillijam\projects\windows\csobj\win32\debug\source\csbackend\platform\windows\networking\http\httprequestsystem.obj
z:\activeprojects\chillijam\seriouslysaucychillijam\chillijam\projects\windows\csobj\win32\debug\source\csbackend\platform\windows\networking\http\httprequest.obj
z:\activeprojects\chillijam\seriouslysaucychillijam\chillijam\projects\windows\csobj\win32\debug\source\csbackend\platform\windows\sfml\base\sfmlwindow.obj
z:\activeprojects\chillijam\seriouslysaucychillijam\chillijam\projects\windows\csobj\win32\debug\source\csbackend\rendering\opengl\base\contextrestorer.obj
z:\activeprojects\chillijam\seriouslysaucychillijam\chillijam\projects\windows\csobj\win32\debug\source\csbackend\rendering\opengl\base\rendersystem.obj
z:\activeprojects\chillijam\seriouslysaucychillijam\chillijam\projects\windows\csobj\win32\debug\source\csbackend\rendering\opengl\base\rendercapabilities.obj
z:\activeprojects\chillijam\seriouslysaucychillijam\chillijam\projects\windows\csobj\win32\debug\source\csbackend\rendering\opengl\base\rendertarget.obj
z:\activeprojects\chillijam\seriouslysaucychillijam\chillijam\projects\windows\csobj\win32\debug\source\csbackend\rendering\opengl\base\meshbuffer.obj
z:\activeprojects\chillijam\seriouslysaucychillijam\chillijam\projects\windows\csobj\win32\debug\source\csbackend\rendering\opengl\base\glerror.obj
z:\activeprojects\chillijam\seriouslysaucychillijam\chillijam\projects\windows\csobj\win32\debug\source\csbackend\rendering\opengl\shader\shader.obj
z:\activeprojects\chillijam\seriouslysaucychillijam\chillijam\projects\windows\csobj\win32\debug\source\csbackend\rendering\opengl\shader\glslshaderprovider.obj
z:\activeprojects\chillijam\seriouslysaucychillijam\chillijam\projects\windows\csobj\win32\debug\source\csbackend\rendering\opengl\texture\textureunitsystem.obj
z:\activeprojects\chillijam\seriouslysaucychillijam\chillijam\projects\windows\csobj\win32\debug\source\csbackend\rendering\opengl\texture\texture.obj
z:\activeprojects\chillijam\seriouslysaucychillijam\chillijam\projects\windows\csobj\win32\debug\source\csbackend\rendering\opengl\texture\cubemap.obj
z:\activeprojects\chillijam\seriouslysaucychillijam\chillijam\projects\windows\csbin\win32\debug\chillisource.lib
z:\activeprojects\chillijam\seriouslysaucychillijam\chillijam\projects\windows\csobj\win32\debug\a\b\chillisource.tlog\cl.command.1.tlog
z:\activeprojects\chillijam\seriouslysaucychillijam\chillijam\projects\windows\csobj\win32\debug\a\b\chillisource.tlog\cl.read.1.tlog
z:\activeprojects\chillijam\seriouslysaucychillijam\chillijam\projects\windows\csobj\win32\debug\a\b\chillisource.tlog\cl.write.1.tlog
z:\activeprojects\chillijam\seriouslysaucychillijam\chillijam\projects\windows\csobj\win32\debug\a\b\chillisource.tlog\lib-link.read.1.tlog
z:\activeprojects\chillijam\seriouslysaucychillijam\chillijam\projects\windows\csobj\win32\debug\a\b\chillisource.tlog\lib-link.write.1.tlog
z:\activeprojects\chillijam\seriouslysaucychillijam\chillijam\projects\windows\csobj\win32\debug\a\b\chillisource.tlog\lib.command.1.tlog
